#
# A fatal error has been detected by the Java Runtime Environment:
#
#  SIGSEGV (0xb) at pc=0x00007f87f18e1009, pid=3334, tid=3336
#
# JRE version: OpenJDK Runtime Environment (9.0) (build 9-internal+0-2016-04-14-195246.buildd.src)
# Java VM: OpenJDK 64-Bit Server VM (9-internal+0-2016-04-14-195246.buildd.src, mixed mode, tiered, compressed oops, g1 gc, linux-amd64)
# Problematic frame:
# C  [libjava.so+0x1d009]  JNU_GetEnv+0x19
#
# No core dump will be written. Core dumps have been disabled. To enable core dumping, try "ulimit -c unlimited" before starting Java again
#
# If you would like to submit a bug report, please visit:
#   http://bugreport.java.com/bugreport/crash.jsp
# The crash happened outside the Java Virtual Machine in native code.
# See problematic frame for where to report the bug.
#

---------------  S U M M A R Y ------------

Command Line: -Didea.launcher.port=7533 -Didea.launcher.bin.path=/home/eden/idea-IC-163.12024.16/bin -Dfile.encoding=UTF-8 com.intellij.rt.execution.application.AppMain Main

Host: Intel(R) Core(TM) i7-3612QM CPU @ 2.10GHz, 8 cores, 7G, Linux Mint 18.1 Serena
Time: Wed Apr 26 14:37:28 2017 CET elapsed time: 0 seconds (0d 0h 0m 0s)

---------------  T H R E A D  ---------------

Current thread (0x00007f87ec011000):  JavaThread "main" [_thread_in_native, id=3336, stack(0x00007f87f4636000,0x00007f87f4737000)]

Stack: [0x00007f87f4636000,0x00007f87f4737000],  sp=0x00007f87f4733330,  free space=1012k
Native frames: (J=compiled Java code, j=interpreted, Vv=VM code, C=native code)
C  [libjava.so+0x1d009]  JNU_GetEnv+0x19
C  [libfontmanager.so+0x33f8e]
C  [libfreetype.so.6+0x14d1b]  FT_Stream_Seek+0x1b

Java frames: (J=compiled Java code, j=interpreted, Vv=VM code)
j  sun.font.FreetypeFontScaler.initNativeScaler(Lsun/font/Font2D;IIZI)J+0 java.desktop@9-internal
j  sun.font.FreetypeFontScaler.<init>(Lsun/font/Font2D;IZI)V+26 java.desktop@9-internal
v  ~StubRoutines::call_stub
j  sun.reflect.NativeConstructorAccessorImpl.newInstance0(Ljava/lang/reflect/Constructor;[Ljava/lang/Object;)Ljava/lang/Object;+0 java.base@9-internal
j  sun.reflect.NativeConstructorAccessorImpl.newInstance([Ljava/lang/Object;)Ljava/lang/Object;+85 java.base@9-internal
j  sun.reflect.DelegatingConstructorAccessorImpl.newInstance([Ljava/lang/Object;)Ljava/lang/Object;+5 java.base@9-internal
j  java.lang.reflect.Constructor.newInstance([Ljava/lang/Object;)Ljava/lang/Object;+65 java.base@9-internal
j  sun.font.FontScaler.getScaler(Lsun/font/Font2D;IZI)Lsun/font/FontScaler;+39 java.desktop@9-internal
j  sun.font.TrueTypeFont.getScaler()Lsun/font/FontScaler;+21 java.desktop@9-internal
j  sun.font.FileFontStrike.<init>(Lsun/font/FileFont;Lsun/font/FontStrikeDesc;)V+204 java.desktop@9-internal
j  sun.font.FileFont.createStrike(Lsun/font/FontStrikeDesc;)Lsun/font/FontStrike;+18 java.desktop@9-internal
j  sun.font.Font2D.getStrike(Lsun/font/FontStrikeDesc;Z)Lsun/font/FontStrike;+92 java.desktop@9-internal
j  sun.font.Font2D.getStrike(Lsun/font/FontStrikeDesc;)Lsun/font/FontStrike;+3 java.desktop@9-internal
j  sun.font.CompositeStrike.getStrikeForSlot(I)Lsun/font/PhysicalStrike;+23 java.desktop@9-internal
j  sun.font.CompositeStrike.getFontMetrics()Lsun/font/StrikeMetrics;+31 java.desktop@9-internal
j  sun.font.FontDesignMetrics.initMatrixAndMetrics()V+28 java.desktop@9-internal
j  sun.font.FontDesignMetrics.<init>(Ljava/awt/Font;Ljava/awt/font/FontRenderContext;)V+62 java.desktop@9-internal
j  sun.font.FontDesignMetrics.getMetrics(Ljava/awt/Font;Ljava/awt/font/FontRenderContext;)Lsun/font/FontDesignMetrics;+128 java.desktop@9-internal
j  sun.swing.SwingUtilities2.getFontMetrics(Ljavax/swing/JComponent;Ljava/awt/Font;)Ljava/awt/FontMetrics;+15 java.desktop@9-internal
j  javax.swing.JComponent.getFontMetrics(Ljava/awt/Font;)Ljava/awt/FontMetrics;+2 java.desktop@9-internal
j  javax.swing.text.PlainView.calculateLongestLine()V+19 java.desktop@9-internal
j  javax.swing.text.PlainView.updateMetrics()V+19 java.desktop@9-internal
j  javax.swing.text.PlainView.updateDamage(Ljavax/swing/event/DocumentEvent;Ljava/awt/Shape;Ljavax/swing/text/ViewFactory;)V+7 java.desktop@9-internal
j  javax.swing.text.PlainView.insertUpdate(Ljavax/swing/event/DocumentEvent;Ljava/awt/Shape;Ljavax/swing/text/ViewFactory;)V+4 java.desktop@9-internal
j  javax.swing.text.FieldView.insertUpdate(Ljavax/swing/event/DocumentEvent;Ljava/awt/Shape;Ljavax/swing/text/ViewFactory;)V+8 java.desktop@9-internal
j  javax.swing.plaf.basic.BasicTextUI$RootView.insertUpdate(Ljavax/swing/event/DocumentEvent;Ljava/awt/Shape;Ljavax/swing/text/ViewFactory;)V+14 java.desktop@9-internal
j  javax.swing.plaf.basic.BasicTextUI$UpdateHandler.insertUpdate(Ljavax/swing/event/DocumentEvent;)V+101 java.desktop@9-internal
j  javax.swing.text.AbstractDocument.fireInsertUpdate(Ljavax/swing/event/DocumentEvent;)V+39 java.desktop@9-internal
j  javax.swing.text.AbstractDocument.handleInsertString(ILjava/lang/String;Ljavax/swing/text/AttributeSet;)V+150 java.desktop@9-internal
j  javax.swing.text.AbstractDocument.insertString(ILjava/lang/String;Ljavax/swing/text/AttributeSet;)V+46 java.desktop@9-internal
j  javax.swing.text.PlainDocument.insertString(ILjava/lang/String;Ljavax/swing/text/AttributeSet;)V+104 java.desktop@9-internal
j  javax.swing.text.AbstractDocument.replace(IILjava/lang/String;Ljavax/swing/text/AttributeSet;)V+74 java.desktop@9-internal
j  javax.swing.text.JTextComponent.setText(Ljava/lang/String;)V+25 java.desktop@9-internal
j  javax.swing.JFormattedTextField$AbstractFormatter.install(Ljavax/swing/JFormattedTextField;)V+29 java.desktop@9-internal
j  javax.swing.text.DefaultFormatter.install(Ljavax/swing/JFormattedTextField;)V+2 java.desktop@9-internal
j  javax.swing.text.InternationalFormatter.install(Ljavax/swing/JFormattedTextField;)V+2 java.desktop@9-internal
j  javax.swing.JFormattedTextField.setFormatter(Ljavax/swing/JFormattedTextField$AbstractFormatter;)V+29 java.desktop@9-internal
j  javax.swing.JFormattedTextField.setValue(Ljava/lang/Object;ZZ)V+43 java.desktop@9-internal
j  javax.swing.JFormattedTextField.setValue(Ljava/lang/Object;)V+24 java.desktop@9-internal
j  javax.swing.JSpinner$DefaultEditor.<init>(Ljavax/swing/JSpinner;)V+24 java.desktop@9-internal
j  javax.swing.JSpinner$NumberEditor.<init>(Ljavax/swing/JSpinner;Ljava/text/DecimalFormat;)V+2 java.desktop@9-internal
j  javax.swing.JSpinner$NumberEditor.<init>(Ljavax/swing/JSpinner;Ljava/lang/String;)V+10 java.desktop@9-internal
j  javax.swing.JSpinner$NumberEditor.<init>(Ljavax/swing/JSpinner;)V+9 java.desktop@9-internal
j  javax.swing.JSpinner.createEditor(Ljavax/swing/SpinnerModel;)Ljavax/swing/JComponent;+44 java.desktop@9-internal
j  javax.swing.JSpinner.<init>(Ljavax/swing/SpinnerModel;)V+31 java.desktop@9-internal
j  javax.swing.JSpinner.<init>()V+8 java.desktop@9-internal
j  CBSO.initComponents()V+291
j  CBSO.<init>()V+5
j  Main.main([Ljava/lang/String;)V+26
v  ~StubRoutines::call_stub
j  sun.reflect.NativeMethodAccessorImpl.invoke0(Ljava/lang/reflect/Method;Ljava/lang/Object;[Ljava/lang/Object;)Ljava/lang/Object;+0 java.base@9-internal
j  sun.reflect.NativeMethodAccessorImpl.invoke(Ljava/lang/Object;[Ljava/lang/Object;)Ljava/lang/Object;+100 java.base@9-internal
j  sun.reflect.DelegatingMethodAccessorImpl.invoke(Ljava/lang/Object;[Ljava/lang/Object;)Ljava/lang/Object;+6 java.base@9-internal
j  java.lang.reflect.Method.invoke(Ljava/lang/Object;[Ljava/lang/Object;)Ljava/lang/Object;+42 java.base@9-internal
j  com.intellij.rt.execution.application.AppMain.main([Ljava/lang/String;)V+170
v  ~StubRoutines::call_stub

siginfo: si_signo: 11 (SIGSEGV), si_code: 1 (SEGV_MAPERR), si_addr: 0x0000000000000000

Register to memory mapping:

RAX=0x0000000000000000 is an unknown value
RBX=0x0000000000000000 is an unknown value
RCX=0x0000000000000000 is an unknown value
RDX=0x0000000000010002 is an unknown value
RSP=0x00007f87f4733330 is pointing into the stack for thread: 0x00007f87ec011000
RBP=0x00007f87f4733340 is pointing into the stack for thread: 0x00007f87ec011000
RSI=0x0000000000010002 is an unknown value
RDI=0x0000000000000000 is an unknown value
R8 =0x0000000000000000 is an unknown value
R9 =0x0000000000000000 is an unknown value
R10=0x00000000000001db is an unknown value
R11=0x00007f87f18e0ff0: JNU_GetEnv+0x0000000000000000 in /usr/lib/jvm/java-9-openjdk-amd64/lib/amd64/libjava.so at 0x00007f87f18c4000
R12=0x00007f87ec466470 is an unknown value
R13=0x0000000000000000 is an unknown value
R14=0x0000000000000000 is an unknown value
R15=0x00007f87ec467480 is an unknown value


Registers:
RAX=0x0000000000000000, RBX=0x0000000000000000, RCX=0x0000000000000000, RDX=0x0000000000010002
RSP=0x00007f87f4733330, RBP=0x00007f87f4733340, RSI=0x0000000000010002, RDI=0x0000000000000000
R8 =0x0000000000000000, R9 =0x0000000000000000, R10=0x00000000000001db, R11=0x00007f87f18e0ff0
R12=0x00007f87ec466470, R13=0x0000000000000000, R14=0x0000000000000000, R15=0x00007f87ec467480
RIP=0x00007f87f18e1009, EFLAGS=0x0000000000010246, CSGSFS=0x0000000000000033, ERR=0x0000000000000004
  TRAPNO=0x000000000000000e

Top of Stack: (sp=0x00007f87f4733330)
0x00007f87f4733330:   0000000000000000 aacf4e2b36050900
0x00007f87f4733340:   00007f87f4733380 00007f8761570f8e
0x00007f87f4733350:   00007f87ec4668b0 00007f87ec466470
0x00007f87f4733360:   0000000000000000 0000000000000000
0x00007f87f4733370:   00007f87ec466470 00007f87ec467480
0x00007f87f4733380:   0000000000000000 00007f87612a7d1b
0x00007f87f4733390:   0000000000000000 00007f8761539d80
0x00007f87f47333a0:   0000000000000000 00007f87612bb8d0
0x00007f87f47333b0:   0000000000000002 0000003200000008
0x00007f87f47333c0:   0000000000000000 0000000000000000
0x00007f87f47333d0:   0000006e0000005b 0000000000000000
0x00007f87f47333e0:   0000000000000000 0000007c00000077
0x00007f87f47333f0:   0000000000000000 0000000000000000
0x00007f87f4733400:   0000000001010101 0101010101010101
0x00007f87f4733410:   0000000000000000 00007f87ec000020
0x00007f87f4733420:   0000000000000070 00007f87f47334d4
0x00007f87f4733430:   00007f87ec4668b0 00007f87ec467480
0x00007f87f4733440:   00007f87f47334d4 00007f87f3fee5d4
0x00007f87f4733450:   00007f87f47335a0 00007f87f4733484
0x00007f87f4733460:   00007f87615369e0 aacf4e2b36050900
0x00007f87f4733470:   0000000000000070 00007f87ec466530
0x00007f87f4733480:   00007f87615369e0 00007f87f4733598
0x00007f87f4733490:   00007f87ec4668b0 00007f87ec467480
0x00007f87f47334a0:   00007f87ec4679b0 00007f87612aa4b2
0x00007f87f47334b0:   0000000100000000 00007f87f47335a0
0x00007f87f47334c0:   0000000000000000 0000000000000000
0x00007f87f47334d0:   00000000f4733598 aacf4e2b36050900
0x00007f87f47334e0:   00007f87ec466530 00007f87f47335a0
0x00007f87f47334f0:   0000000000000000 00007f87ec4667d8
0x00007f87f4733500:   00007f87f47337a0 00007f87ec466738
0x00007f87f4733510:   00007f87ec4668b0 00007f87612ac571
0x00007f87f4733520:   00007f87f47335a0 00007f87612ac366 

Instructions: (pc=0x00007f87f18e1009)
0x00007f87f18e0fe9:   ff eb ea 0f 1f 40 00 55 89 f2 48 89 e5 48 83 ec
0x00007f87f18e0ff9:   10 64 48 8b 04 25 28 00 00 00 48 89 45 f8 31 c0
0x00007f87f18e1009:   48 8b 07 48 8d 75 f0 ff 50 30 48 8b 4d f8 64 48
0x00007f87f18e1019:   33 0c 25 28 00 00 00 48 8b 45 f0 75 02 c9 c3 e8 


---------------  P R O C E S S  ---------------

Java Threads: ( => current thread )
  0x00007f87ec43b000 JavaThread "AWT-EventQueue-0" [_thread_blocked, id=3407, stack(0x00007f876065a000,0x00007f876075b000)]
  0x00007f87ec439800 JavaThread "AWT-Shutdown" [_thread_blocked, id=3406, stack(0x00007f876075b000,0x00007f876085c000)]
  0x00007f87ec392000 JavaThread "AWT-XAWT" daemon [_thread_in_native, id=3405, stack(0x00007f8760a5c000,0x00007f8760b5d000)]
  0x00007f87ec36a800 JavaThread "Java2D Disposer" daemon [_thread_blocked, id=3404, stack(0x00007f8760f6d000,0x00007f876106e000)]
  0x00007f87ec2f2800 JavaThread "Monitor Ctrl-Break" daemon [_thread_in_native, id=3403, stack(0x00007f8762ecb000,0x00007f8762fcc000)]
  0x00007f87ec268000 JavaThread "Service Thread" daemon [_thread_blocked, id=3400, stack(0x00007f87632cf000,0x00007f87633d0000)]
  0x00007f87ec1b9000 JavaThread "Common-Cleaner" daemon [_thread_blocked, id=3398, stack(0x00007f87633d0000,0x00007f87634d1000)]
  0x00007f87ec1a9800 JavaThread "Sweeper thread" daemon [_thread_blocked, id=3396, stack(0x00007f8763bfc000,0x00007f8763cfd000)]
  0x00007f87ec19f800 JavaThread "C1 CompilerThread3" daemon [_thread_blocked, id=3395, stack(0x00007f8763cfd000,0x00007f8763dfe000)]
  0x00007f87ec19d800 JavaThread "C2 CompilerThread2" daemon [_thread_blocked, id=3394, stack(0x00007f8763dfe000,0x00007f8763eff000)]
  0x00007f87ec19b800 JavaThread "C2 CompilerThread1" daemon [_thread_blocked, id=3393, stack(0x00007f8763eff000,0x00007f8764000000)]
  0x00007f87ec19a000 JavaThread "C2 CompilerThread0" daemon [_thread_blocked, id=3392, stack(0x00007f878801c000,0x00007f878811d000)]
  0x00007f87ec195800 JavaThread "Signal Dispatcher" daemon [_thread_blocked, id=3391, stack(0x00007f878811d000,0x00007f878821e000)]
  0x00007f87ec193800 JavaThread "Surrogate Locker Thread (Concurrent GC)" daemon [_thread_blocked, id=3390, stack(0x00007f878821e000,0x00007f878831f000)]
  0x00007f87ec181000 JavaThread "Finalizer" daemon [_thread_blocked, id=3382, stack(0x00007f87885f9000,0x00007f87886fa000)]
  0x00007f87ec175000 JavaThread "Reference Handler" daemon [_thread_blocked, id=3381, stack(0x00007f87886fa000,0x00007f87887fb000)]
=>0x00007f87ec011000 JavaThread "main" [_thread_in_native, id=3336, stack(0x00007f87f4636000,0x00007f87f4737000)]

Other Threads:
  0x00007f87ec16b000 VMThread [stack: 0x00007f87887fb000,0x00007f87888fc000] [id=3380]
  0x00007f87ec26b000 WatcherThread [stack: 0x00007f87631ce000,0x00007f87632cf000] [id=3402]

Threads with active compile tasks:

VM state:not at safepoint (normal execution)

VM Mutex/Monitor currently owned by a thread: None

heap address: 0x0000000085200000, size: 1966 MB, Compressed Oops mode: 32-bit
Narrow klass base: 0x0000000000000000, Narrow klass shift: 3
Compressed class space size: 1073741824 Address: 0x0000000100000000

Heap:
 garbage-first heap   total 126976K, used 8192K [0x0000000085200000, 0x00000000853003e0, 0x0000000100000000)
  region size 1024K, 9 young (9216K), 0 survivors (0K)
 Metaspace       used 12912K, capacity 13416K, committed 13568K, reserved 1060864K
  class space    used 1588K, capacity 1742K, committed 1792K, reserved 1048576K

Heap Regions: E=young(eden), S=young(survivor), O=old, HS=humongous(starts), HC=humongous(continues), CS=collection set, F=free, A=archive, TS=gc time stamp, AC=allocation context, TAMS=top-at-mark-start (previous, next)
|   0|0x0000000085200000, 0x0000000085200000, 0x0000000085300000|  0%| F|  |TS  0|AC  0|TAMS 0x0000000085200000, 0x0000000085200000|
|   1|0x0000000085300000, 0x0000000085300000, 0x0000000085400000|  0%| F|  |TS  0|AC  0|TAMS 0x0000000085300000, 0x0000000085300000|
|   2|0x0000000085400000, 0x0000000085400000, 0x0000000085500000|  0%| F|  |TS  0|AC  0|TAMS 0x0000000085400000, 0x0000000085400000|
|   3|0x0000000085500000, 0x0000000085500000, 0x0000000085600000|  0%| F|  |TS  0|AC  0|TAMS 0x0000000085500000, 0x0000000085500000|
|   4|0x0000000085600000, 0x0000000085600000, 0x0000000085700000|  0%| F|  |TS  0|AC  0|TAMS 0x0000000085600000, 0x0000000085600000|
|   5|0x0000000085700000, 0x0000000085700000, 0x0000000085800000|  0%| F|  |TS  0|AC  0|TAMS 0x0000000085700000, 0x0000000085700000|
|   6|0x0000000085800000, 0x0000000085800000, 0x0000000085900000|  0%| F|  |TS  0|AC  0|TAMS 0x0000000085800000, 0x0000000085800000|
|   7|0x0000000085900000, 0x0000000085900000, 0x0000000085a00000|  0%| F|  |TS  0|AC  0|TAMS 0x0000000085900000, 0x0000000085900000|
|   8|0x0000000085a00000, 0x0000000085a00000, 0x0000000085b00000|  0%| F|  |TS  0|AC  0|TAMS 0x0000000085a00000, 0x0000000085a00000|
|   9|0x0000000085b00000, 0x0000000085b00000, 0x0000000085c00000|  0%| F|  |TS  0|AC  0|TAMS 0x0000000085b00000, 0x0000000085b00000|
|  10|0x0000000085c00000, 0x0000000085c00000, 0x0000000085d00000|  0%| F|  |TS  0|AC  0|TAMS 0x0000000085c00000, 0x0000000085c00000|
|  11|0x0000000085d00000, 0x0000000085d00000, 0x0000000085e00000|  0%| F|  |TS  0|AC  0|TAMS 0x0000000085d00000, 0x0000000085d00000|
|  12|0x0000000085e00000, 0x0000000085e00000, 0x0000000085f00000|  0%| F|  |TS  0|AC  0|TAMS 0x0000000085e00000, 0x0000000085e00000|
|  13|0x0000000085f00000, 0x0000000085f00000, 0x0000000086000000|  0%| F|  |TS  0|AC  0|TAMS 0x0000000085f00000, 0x0000000085f00000|
|  14|0x0000000086000000, 0x0000000086000000, 0x0000000086100000|  0%| F|  |TS  0|AC  0|TAMS 0x0000000086000000, 0x0000000086000000|
|  15|0x0000000086100000, 0x0000000086100000, 0x0000000086200000|  0%| F|  |TS  0|AC  0|TAMS 0x0000000086100000, 0x0000000086100000|
|  16|0x0000000086200000, 0x0000000086200000, 0x0000000086300000|  0%| F|  |TS  0|AC  0|TAMS 0x0000000086200000, 0x0000000086200000|
|  17|0x0000000086300000, 0x0000000086300000, 0x0000000086400000|  0%| F|  |TS  0|AC  0|TAMS 0x0000000086300000, 0x0000000086300000|
|  18|0x0000000086400000, 0x0000000086400000, 0x0000000086500000|  0%| F|  |TS  0|AC  0|TAMS 0x0000000086400000, 0x0000000086400000|
|  19|0x0000000086500000, 0x0000000086500000, 0x0000000086600000|  0%| F|  |TS  0|AC  0|TAMS 0x0000000086500000, 0x0000000086500000|
|  20|0x0000000086600000, 0x0000000086600000, 0x0000000086700000|  0%| F|  |TS  0|AC  0|TAMS 0x0000000086600000, 0x0000000086600000|
|  21|0x0000000086700000, 0x0000000086700000, 0x0000000086800000|  0%| F|  |TS  0|AC  0|TAMS 0x0000000086700000, 0x0000000086700000|
|  22|0x0000000086800000, 0x0000000086800000, 0x0000000086900000|  0%| F|  |TS  0|AC  0|TAMS 0x0000000086800000, 0x0000000086800000|
|  23|0x0000000086900000, 0x0000000086900000, 0x0000000086a00000|  0%| F|  |TS  0|AC  0|TAMS 0x0000000086900000, 0x0000000086900000|
|  24|0x0000000086a00000, 0x0000000086a00000, 0x0000000086b00000|  0%| F|  |TS  0|AC  0|TAMS 0x0000000086a00000, 0x0000000086a00000|
|  25|0x0000000086b00000, 0x0000000086b00000, 0x0000000086c00000|  0%| F|  |TS  0|AC  0|TAMS 0x0000000086b00000, 0x0000000086b00000|
|  26|0x0000000086c00000, 0x0000000086c00000, 0x0000000086d00000|  0%| F|  |TS  0|AC  0|TAMS 0x0000000086c00000, 0x0000000086c00000|
|  27|0x0000000086d00000, 0x0000000086d00000, 0x0000000086e00000|  0%| F|  |TS  0|AC  0|TAMS 0x0000000086d00000, 0x0000000086d00000|
|  28|0x0000000086e00000, 0x0000000086e00000, 0x0000000086f00000|  0%| F|  |TS  0|AC  0|TAMS 0x0000000086e00000, 0x0000000086e00000|
|  29|0x0000000086f00000, 0x0000000086f00000, 0x0000000087000000|  0%| F|  |TS  0|AC  0|TAMS 0x0000000086f00000, 0x0000000086f00000|
|  30|0x0000000087000000, 0x0000000087000000, 0x0000000087100000|  0%| F|  |TS  0|AC  0|TAMS 0x0000000087000000, 0x0000000087000000|
|  31|0x0000000087100000, 0x0000000087100000, 0x0000000087200000|  0%| F|  |TS  0|AC  0|TAMS 0x0000000087100000, 0x0000000087100000|
|  32|0x0000000087200000, 0x0000000087200000, 0x0000000087300000|  0%| F|  |TS  0|AC  0|TAMS 0x0000000087200000, 0x0000000087200000|
|  33|0x0000000087300000, 0x0000000087300000, 0x0000000087400000|  0%| F|  |TS  0|AC  0|TAMS 0x0000000087300000, 0x0000000087300000|
|  34|0x0000000087400000, 0x0000000087400000, 0x0000000087500000|  0%| F|  |TS  0|AC  0|TAMS 0x0000000087400000, 0x0000000087400000|
|  35|0x0000000087500000, 0x0000000087500000, 0x0000000087600000|  0%| F|  |TS  0|AC  0|TAMS 0x0000000087500000, 0x0000000087500000|
|  36|0x0000000087600000, 0x0000000087600000, 0x0000000087700000|  0%| F|  |TS  0|AC  0|TAMS 0x0000000087600000, 0x0000000087600000|
|  37|0x0000000087700000, 0x0000000087700000, 0x0000000087800000|  0%| F|  |TS  0|AC  0|TAMS 0x0000000087700000, 0x0000000087700000|
|  38|0x0000000087800000, 0x0000000087800000, 0x0000000087900000|  0%| F|  |TS  0|AC  0|TAMS 0x0000000087800000, 0x0000000087800000|
|  39|0x0000000087900000, 0x0000000087900000, 0x0000000087a00000|  0%| F|  |TS  0|AC  0|TAMS 0x0000000087900000, 0x0000000087900000|
|  40|0x0000000087a00000, 0x0000000087a00000, 0x0000000087b00000|  0%| F|  |TS  0|AC  0|TAMS 0x0000000087a00000, 0x0000000087a00000|
|  41|0x0000000087b00000, 0x0000000087b00000, 0x0000000087c00000|  0%| F|  |TS  0|AC  0|TAMS 0x0000000087b00000, 0x0000000087b00000|
|  42|0x0000000087c00000, 0x0000000087c00000, 0x0000000087d00000|  0%| F|  |TS  0|AC  0|TAMS 0x0000000087c00000, 0x0000000087c00000|
|  43|0x0000000087d00000, 0x0000000087d00000, 0x0000000087e00000|  0%| F|  |TS  0|AC  0|TAMS 0x0000000087d00000, 0x0000000087d00000|
|  44|0x0000000087e00000, 0x0000000087e00000, 0x0000000087f00000|  0%| F|  |TS  0|AC  0|TAMS 0x0000000087e00000, 0x0000000087e00000|
|  45|0x0000000087f00000, 0x0000000087f00000, 0x0000000088000000|  0%| F|  |TS  0|AC  0|TAMS 0x0000000087f00000, 0x0000000087f00000|
|  46|0x0000000088000000, 0x0000000088000000, 0x0000000088100000|  0%| F|  |TS  0|AC  0|TAMS 0x0000000088000000, 0x0000000088000000|
|  47|0x0000000088100000, 0x0000000088100000, 0x0000000088200000|  0%| F|  |TS  0|AC  0|TAMS 0x0000000088100000, 0x0000000088100000|
|  48|0x0000000088200000, 0x0000000088200000, 0x0000000088300000|  0%| F|  |TS  0|AC  0|TAMS 0x0000000088200000, 0x0000000088200000|
|  49|0x0000000088300000, 0x0000000088300000, 0x0000000088400000|  0%| F|  |TS  0|AC  0|TAMS 0x0000000088300000, 0x0000000088300000|
|  50|0x0000000088400000, 0x0000000088400000, 0x0000000088500000|  0%| F|  |TS  0|AC  0|TAMS 0x0000000088400000, 0x0000000088400000|
|  51|0x0000000088500000, 0x0000000088500000, 0x0000000088600000|  0%| F|  |TS  0|AC  0|TAMS 0x0000000088500000, 0x0000000088500000|
|  52|0x0000000088600000, 0x0000000088600000, 0x0000000088700000|  0%| F|  |TS  0|AC  0|TAMS 0x0000000088600000, 0x0000000088600000|
|  53|0x0000000088700000, 0x0000000088700000, 0x0000000088800000|  0%| F|  |TS  0|AC  0|TAMS 0x0000000088700000, 0x0000000088700000|
|  54|0x0000000088800000, 0x0000000088800000, 0x0000000088900000|  0%| F|  |TS  0|AC  0|TAMS 0x0000000088800000, 0x0000000088800000|
|  55|0x0000000088900000, 0x0000000088900000, 0x0000000088a00000|  0%| F|  |TS  0|AC  0|TAMS 0x0000000088900000, 0x0000000088900000|
|  56|0x0000000088a00000, 0x0000000088a00000, 0x0000000088b00000|  0%| F|  |TS  0|AC  0|TAMS 0x0000000088a00000, 0x0000000088a00000|
|  57|0x0000000088b00000, 0x0000000088b00000, 0x0000000088c00000|  0%| F|  |TS  0|AC  0|TAMS 0x0000000088b00000, 0x0000000088b00000|
|  58|0x0000000088c00000, 0x0000000088c00000, 0x0000000088d00000|  0%| F|  |TS  0|AC  0|TAMS 0x0000000088c00000, 0x0000000088c00000|
|  59|0x0000000088d00000, 0x0000000088d00000, 0x0000000088e00000|  0%| F|  |TS  0|AC  0|TAMS 0x0000000088d00000, 0x0000000088d00000|
|  60|0x0000000088e00000, 0x0000000088e00000, 0x0000000088f00000|  0%| F|  |TS  0|AC  0|TAMS 0x0000000088e00000, 0x0000000088e00000|
|  61|0x0000000088f00000, 0x0000000088f00000, 0x0000000089000000|  0%| F|  |TS  0|AC  0|TAMS 0x0000000088f00000, 0x0000000088f00000|
|  62|0x0000000089000000, 0x0000000089000000, 0x0000000089100000|  0%| F|  |TS  0|AC  0|TAMS 0x0000000089000000, 0x0000000089000000|
|  63|0x0000000089100000, 0x0000000089100000, 0x0000000089200000|  0%| F|  |TS  0|AC  0|TAMS 0x0000000089100000, 0x0000000089100000|
|  64|0x0000000089200000, 0x0000000089200000, 0x0000000089300000|  0%| F|  |TS  0|AC  0|TAMS 0x0000000089200000, 0x0000000089200000|
|  65|0x0000000089300000, 0x0000000089300000, 0x0000000089400000|  0%| F|  |TS  0|AC  0|TAMS 0x0000000089300000, 0x0000000089300000|
|  66|0x0000000089400000, 0x0000000089400000, 0x0000000089500000|  0%| F|  |TS  0|AC  0|TAMS 0x0000000089400000, 0x0000000089400000|
|  67|0x0000000089500000, 0x0000000089500000, 0x0000000089600000|  0%| F|  |TS  0|AC  0|TAMS 0x0000000089500000, 0x0000000089500000|
|  68|0x0000000089600000, 0x0000000089600000, 0x0000000089700000|  0%| F|  |TS  0|AC  0|TAMS 0x0000000089600000, 0x0000000089600000|
|  69|0x0000000089700000, 0x0000000089700000, 0x0000000089800000|  0%| F|  |TS  0|AC  0|TAMS 0x0000000089700000, 0x0000000089700000|
|  70|0x0000000089800000, 0x0000000089800000, 0x0000000089900000|  0%| F|  |TS  0|AC  0|TAMS 0x0000000089800000, 0x0000000089800000|
|  71|0x0000000089900000, 0x0000000089900000, 0x0000000089a00000|  0%| F|  |TS  0|AC  0|TAMS 0x0000000089900000, 0x0000000089900000|
|  72|0x0000000089a00000, 0x0000000089a00000, 0x0000000089b00000|  0%| F|  |TS  0|AC  0|TAMS 0x0000000089a00000, 0x0000000089a00000|
|  73|0x0000000089b00000, 0x0000000089b00000, 0x0000000089c00000|  0%| F|  |TS  0|AC  0|TAMS 0x0000000089b00000, 0x0000000089b00000|
|  74|0x0000000089c00000, 0x0000000089c00000, 0x0000000089d00000|  0%| F|  |TS  0|AC  0|TAMS 0x0000000089c00000, 0x0000000089c00000|
|  75|0x0000000089d00000, 0x0000000089d00000, 0x0000000089e00000|  0%| F|  |TS  0|AC  0|TAMS 0x0000000089d00000, 0x0000000089d00000|
|  76|0x0000000089e00000, 0x0000000089e00000, 0x0000000089f00000|  0%| F|  |TS  0|AC  0|TAMS 0x0000000089e00000, 0x0000000089e00000|
|  77|0x0000000089f00000, 0x0000000089f00000, 0x000000008a000000|  0%| F|  |TS  0|AC  0|TAMS 0x0000000089f00000, 0x0000000089f00000|
|  78|0x000000008a000000, 0x000000008a000000, 0x000000008a100000|  0%| F|  |TS  0|AC  0|TAMS 0x000000008a000000, 0x000000008a000000|
|  79|0x000000008a100000, 0x000000008a100000, 0x000000008a200000|  0%| F|  |TS  0|AC  0|TAMS 0x000000008a100000, 0x000000008a100000|
|  80|0x000000008a200000, 0x000000008a200000, 0x000000008a300000|  0%| F|  |TS  0|AC  0|TAMS 0x000000008a200000, 0x000000008a200000|
|  81|0x000000008a300000, 0x000000008a300000, 0x000000008a400000|  0%| F|  |TS  0|AC  0|TAMS 0x000000008a300000, 0x000000008a300000|
|  82|0x000000008a400000, 0x000000008a400000, 0x000000008a500000|  0%| F|  |TS  0|AC  0|TAMS 0x000000008a400000, 0x000000008a400000|
|  83|0x000000008a500000, 0x000000008a500000, 0x000000008a600000|  0%| F|  |TS  0|AC  0|TAMS 0x000000008a500000, 0x000000008a500000|
|  84|0x000000008a600000, 0x000000008a600000, 0x000000008a700000|  0%| F|  |TS  0|AC  0|TAMS 0x000000008a600000, 0x000000008a600000|
|  85|0x000000008a700000, 0x000000008a700000, 0x000000008a800000|  0%| F|  |TS  0|AC  0|TAMS 0x000000008a700000, 0x000000008a700000|
|  86|0x000000008a800000, 0x000000008a800000, 0x000000008a900000|  0%| F|  |TS  0|AC  0|TAMS 0x000000008a800000, 0x000000008a800000|
|  87|0x000000008a900000, 0x000000008a900000, 0x000000008aa00000|  0%| F|  |TS  0|AC  0|TAMS 0x000000008a900000, 0x000000008a900000|
|  88|0x000000008aa00000, 0x000000008aa00000, 0x000000008ab00000|  0%| F|  |TS  0|AC  0|TAMS 0x000000008aa00000, 0x000000008aa00000|
|  89|0x000000008ab00000, 0x000000008ab00000, 0x000000008ac00000|  0%| F|  |TS  0|AC  0|TAMS 0x000000008ab00000, 0x000000008ab00000|
|  90|0x000000008ac00000, 0x000000008ac00000, 0x000000008ad00000|  0%| F|  |TS  0|AC  0|TAMS 0x000000008ac00000, 0x000000008ac00000|
|  91|0x000000008ad00000, 0x000000008ad00000, 0x000000008ae00000|  0%| F|  |TS  0|AC  0|TAMS 0x000000008ad00000, 0x000000008ad00000|
|  92|0x000000008ae00000, 0x000000008ae00000, 0x000000008af00000|  0%| F|  |TS  0|AC  0|TAMS 0x000000008ae00000, 0x000000008ae00000|
|  93|0x000000008af00000, 0x000000008af00000, 0x000000008b000000|  0%| F|  |TS  0|AC  0|TAMS 0x000000008af00000, 0x000000008af00000|
|  94|0x000000008b000000, 0x000000008b000000, 0x000000008b100000|  0%| F|  |TS  0|AC  0|TAMS 0x000000008b000000, 0x000000008b000000|
|  95|0x000000008b100000, 0x000000008b100000, 0x000000008b200000|  0%| F|  |TS  0|AC  0|TAMS 0x000000008b100000, 0x000000008b100000|
|  96|0x000000008b200000, 0x000000008b200000, 0x000000008b300000|  0%| F|  |TS  0|AC  0|TAMS 0x000000008b200000, 0x000000008b200000|
|  97|0x000000008b300000, 0x000000008b300000, 0x000000008b400000|  0%| F|  |TS  0|AC  0|TAMS 0x000000008b300000, 0x000000008b300000|
|  98|0x000000008b400000, 0x000000008b400000, 0x000000008b500000|  0%| F|  |TS  0|AC  0|TAMS 0x000000008b400000, 0x000000008b400000|
|  99|0x000000008b500000, 0x000000008b500000, 0x000000008b600000|  0%| F|  |TS  0|AC  0|TAMS 0x000000008b500000, 0x000000008b500000|
| 100|0x000000008b600000, 0x000000008b600000, 0x000000008b700000|  0%| F|  |TS  0|AC  0|TAMS 0x000000008b600000, 0x000000008b600000|
| 101|0x000000008b700000, 0x000000008b700000, 0x000000008b800000|  0%| F|  |TS  0|AC  0|TAMS 0x000000008b700000, 0x000000008b700000|
| 102|0x000000008b800000, 0x000000008b800000, 0x000000008b900000|  0%| F|  |TS  0|AC  0|TAMS 0x000000008b800000, 0x000000008b800000|
| 103|0x000000008b900000, 0x000000008b900000, 0x000000008ba00000|  0%| F|  |TS  0|AC  0|TAMS 0x000000008b900000, 0x000000008b900000|
| 104|0x000000008ba00000, 0x000000008ba00000, 0x000000008bb00000|  0%| F|  |TS  0|AC  0|TAMS 0x000000008ba00000, 0x000000008ba00000|
| 105|0x000000008bb00000, 0x000000008bb00000, 0x000000008bc00000|  0%| F|  |TS  0|AC  0|TAMS 0x000000008bb00000, 0x000000008bb00000|
| 106|0x000000008bc00000, 0x000000008bc00000, 0x000000008bd00000|  0%| F|  |TS  0|AC  0|TAMS 0x000000008bc00000, 0x000000008bc00000|
| 107|0x000000008bd00000, 0x000000008bd00000, 0x000000008be00000|  0%| F|  |TS  0|AC  0|TAMS 0x000000008bd00000, 0x000000008bd00000|
| 108|0x000000008be00000, 0x000000008be00000, 0x000000008bf00000|  0%| F|  |TS  0|AC  0|TAMS 0x000000008be00000, 0x000000008be00000|
| 109|0x000000008bf00000, 0x000000008bf00000, 0x000000008c000000|  0%| F|  |TS  0|AC  0|TAMS 0x000000008bf00000, 0x000000008bf00000|
| 110|0x000000008c000000, 0x000000008c000000, 0x000000008c100000|  0%| F|  |TS  0|AC  0|TAMS 0x000000008c000000, 0x000000008c000000|
| 111|0x000000008c100000, 0x000000008c100000, 0x000000008c200000|  0%| F|  |TS  0|AC  0|TAMS 0x000000008c100000, 0x000000008c100000|
| 112|0x000000008c200000, 0x000000008c200000, 0x000000008c300000|  0%| F|  |TS  0|AC  0|TAMS 0x000000008c200000, 0x000000008c200000|
| 113|0x000000008c300000, 0x000000008c300000, 0x000000008c400000|  0%| F|  |TS  0|AC  0|TAMS 0x000000008c300000, 0x000000008c300000|
| 114|0x000000008c400000, 0x000000008c400000, 0x000000008c500000|  0%| F|  |TS  0|AC  0|TAMS 0x000000008c400000, 0x000000008c400000|
| 115|0x000000008c500000, 0x000000008c541c20, 0x000000008c600000| 25%| E|  |TS  0|AC  0|TAMS 0x000000008c500000, 0x000000008c500000|
| 116|0x000000008c600000, 0x000000008c700000, 0x000000008c700000|100%| E|CS|TS  0|AC  0|TAMS 0x000000008c600000, 0x000000008c600000|
| 117|0x000000008c700000, 0x000000008c800000, 0x000000008c800000|100%| E|CS|TS  0|AC  0|TAMS 0x000000008c700000, 0x000000008c700000|
| 118|0x000000008c800000, 0x000000008c900000, 0x000000008c900000|100%| E|CS|TS  0|AC  0|TAMS 0x000000008c800000, 0x000000008c800000|
| 119|0x000000008c900000, 0x000000008ca00000, 0x000000008ca00000|100%| E|CS|TS  0|AC  0|TAMS 0x000000008c900000, 0x000000008c900000|
| 120|0x000000008ca00000, 0x000000008cb00000, 0x000000008cb00000|100%| E|CS|TS  0|AC  0|TAMS 0x000000008ca00000, 0x000000008ca00000|
| 121|0x000000008cb00000, 0x000000008cc00000, 0x000000008cc00000|100%| E|CS|TS  0|AC  0|TAMS 0x000000008cb00000, 0x000000008cb00000|
| 122|0x000000008cc00000, 0x000000008cd00000, 0x000000008cd00000|100%| E|CS|TS  0|AC  0|TAMS 0x000000008cc00000, 0x000000008cc00000|
| 123|0x000000008cd00000, 0x000000008ce00000, 0x000000008ce00000|100%| E|CS|TS  0|AC  0|TAMS 0x000000008cd00000, 0x000000008cd00000|

Card table byte_map: [0x00007f87d41bd000,0x00007f87d4594000] byte_map_base: 0x00007f87d3d94000

Marking Bits (Prev, Next): (CMBitMap*) 0x00007f87ec07e020, (CMBitMap*) 0x00007f87ec07e078
 Prev Bits: [0x00007f878dd71000, 0x00007f878fc29000)
 Next Bits: [0x00007f878beb9000, 0x00007f878dd71000)

Polling page: 0x00007f87f4765000

CodeHeap 'non-nmethods': size=5700Kb used=1248Kb max_used=1263Kb free=4451Kb
 bounds [0x00007f87d5c51000, 0x00007f87d5ec1000, 0x00007f87d61e2000]
CodeHeap 'profiled nmethods': size=120028Kb used=1090Kb max_used=1090Kb free=118937Kb
 bounds [0x00007f87d61e2000, 0x00007f87d6452000, 0x00007f87dd719000]
CodeHeap 'non-profiled nmethods': size=120032Kb used=213Kb max_used=213Kb free=119818Kb
 bounds [0x00007f87dd719000, 0x00007f87dd989000, 0x00007f87e4c51000]
 total_blobs=1300 nmethods=641 adapters=416
 compilation: enabled

Compilation events (10 events):
Event: 0.483 Thread 0x00007f87ec19f800 nmethod 637 0x00007f87d62eef10 code [0x00007f87d62ef160, 0x00007f87d62efd08]
Event: 0.483 Thread 0x00007f87ec19f800  638       3       sun.font.FcFontConfiguration$$StringConcat/1449263511::concat (29 bytes)
Event: 0.484 Thread 0x00007f87ec19f800 nmethod 638 0x00007f87d62f0010 code [0x00007f87d62f0260, 0x00007f87d62f0e08]
Event: 0.484 Thread 0x00007f87ec19f800  642       3       java.nio.HeapByteBuffer::_get (7 bytes)
Event: 0.484 Thread 0x00007f87ec19f800 nmethod 642 0x00007f87d62f1110 code [0x00007f87d62f1280, 0x00007f87d62f13f0]
Event: 0.484 Thread 0x00007f87ec19f800  641       3       java.util.HashMap::afterNodeAccess (1 bytes)
Event: 0.484 Thread 0x00007f87ec19f800 nmethod 641 0x00007f87d62f1510 code [0x00007f87d62f1680, 0x00007f87d62f17d0]
Event: 0.484 Thread 0x00007f87ec19f800  625       3       java.lang.invoke.DirectMethodHandle::shouldBeInitialized (123 bytes)
Event: 0.485 Thread 0x00007f87ec19b800 nmethod 633 0x00007f87dd749590 code [0x00007f87dd749740, 0x00007f87dd749d98]
Event: 0.485 Thread 0x00007f87ec19b800  639       4       jdk.internal.org.objectweb.asm.ClassWriter::put (152 bytes)

GC Heap History (0 events):
No events

Deoptimization events (10 events):
Event: 0.171 Thread 0x00007f87ec011000 Uncommon trap: reason=bimorphic_or_optimized_type_check action=maybe_recompile pc=0x00007f87dd723774 method=java.util.Collections$UnmodifiableCollection$1.next()Ljava/lang/Object; @ 4
Event: 0.341 Thread 0x00007f87ec011000 Uncommon trap: reason=class_check action=maybe_recompile pc=0x00007f87dd725068 method=java.util.HashMap.putVal(ILjava/lang/Object;Ljava/lang/Object;ZZ)Ljava/lang/Object; @ 91
Event: 0.355 Thread 0x00007f87ec011000 Uncommon trap: reason=unstable_if action=reinterpret pc=0x00007f87dd725c50 method=java.util.HashMap.hash(Ljava/lang/Object;)I @ 1
Event: 0.355 Thread 0x00007f87ec011000 Uncommon trap: reason=unstable_fused_if action=reinterpret pc=0x00007f87dd727d30 method=java.util.HashMap.resize()[Ljava/util/HashMap$Node; @ 31
Event: 0.358 Thread 0x00007f87ec011000 Uncommon trap: reason=unstable_if action=reinterpret pc=0x00007f87dd725908 method=java.util.HashMap.hash(Ljava/lang/Object;)I @ 1
Event: 0.420 Thread 0x00007f87ec011000 Uncommon trap: reason=unstable_if action=reinterpret pc=0x00007f87dd71b7f4 method=java.lang.String.charAt(I)C @ 4
Event: 0.476 Thread 0x00007f87ec011000 Uncommon trap: reason=class_check action=maybe_recompile pc=0x00007f87dd725068 method=java.util.HashMap.putVal(ILjava/lang/Object;Ljava/lang/Object;ZZ)Ljava/lang/Object; @ 91
Event: 0.476 Thread 0x00007f87ec011000 Uncommon trap: reason=class_check action=maybe_recompile pc=0x00007f87dd725068 method=java.util.HashMap.putVal(ILjava/lang/Object;Ljava/lang/Object;ZZ)Ljava/lang/Object; @ 91
Event: 0.476 Thread 0x00007f87ec011000 Uncommon trap: reason=class_check action=maybe_recompile pc=0x00007f87dd725068 method=java.util.HashMap.putVal(ILjava/lang/Object;Ljava/lang/Object;ZZ)Ljava/lang/Object; @ 91
Event: 0.479 Thread 0x00007f87ec011000 Uncommon trap: reason=unstable_if action=reinterpret pc=0x00007f87dd745f3c method=java.lang.ref.SoftReference.get()Ljava/lang/Object; @ 6

Classes redefined (0 events):
No events

Internal exceptions (7 events):
Event: 0.206 Thread 0x00007f87ec011000 Exception <a 'java/lang/ClassNotFoundException': sun/awt/resources/awtProvider> (0x000000008ca28118) thrown at [/build/openjdk-9-argm_o/openjdk-9-9~b114/src/hotspot/src/share/vm/classfile/systemDictionary.cpp, line 224]
Event: 0.219 Thread 0x00007f87ec011000 Exception <a 'java/io/FileNotFoundException'> (0x000000008ca50fd0) thrown at [/build/openjdk-9-argm_o/openjdk-9-9~b114/src/hotspot/src/share/vm/prims/jni.cpp, line 605]
Event: 0.221 Thread 0x00007f87ec011000 Exception <a 'java/io/FileNotFoundException'> (0x000000008ca58fd8) thrown at [/build/openjdk-9-argm_o/openjdk-9-9~b114/src/hotspot/src/share/vm/prims/jni.cpp, line 605]
Event: 0.346 Thread 0x00007f87ec011000 Exception <a 'java/lang/ClassNotFoundException': com/sun/swing/internal/plaf/metal/resources/metalProvider> (0x000000008c84c4b8) thrown at [/build/openjdk-9-argm_o/openjdk-9-9~b114/src/hotspot/src/share/vm/classfile/systemDictionary.cpp, line 224]
Event: 0.347 Thread 0x00007f87ec011000 Exception <a 'java/lang/ClassNotFoundException': com/sun/swing/internal/plaf/basic/resources/basicProvider> (0x000000008c850a78) thrown at [/build/openjdk-9-argm_o/openjdk-9-9~b114/src/hotspot/src/share/vm/classfile/systemDictionary.cpp, line 224]
Event: 0.355 Thread 0x00007f87ec011000 Implicit null exception at 0x00007f87dd725bb8 to 0x00007f87dd725c46
Event: 0.358 Thread 0x00007f87ec011000 Implicit null exception at 0x00007f87dd72588f to 0x00007f87dd7258f9

Events (10 events):
Event: 0.484 loading class sun/nio/cs/UTF_16$Decoder
Event: 0.484 loading class sun/nio/cs/UnicodeDecoder
Event: 0.484 loading class sun/nio/cs/UnicodeDecoder done
Event: 0.484 loading class sun/nio/cs/UTF_16$Decoder done
Event: 0.484 loading class sun/font/FileFontStrike
Event: 0.484 loading class sun/font/FileFontStrike done
Event: 0.484 loading class sun/font/FontScaler
Event: 0.484 loading class sun/font/FontScaler done
Event: 0.484 loading class sun/font/FreetypeFontScaler
Event: 0.484 loading class sun/font/FreetypeFontScaler done


Dynamic libraries:
00400000-00401000 r-xp 00000000 08:05 536148                             /usr/lib/jvm/java-9-openjdk-amd64/bin/java
00600000-00601000 r--p 00000000 08:05 536148                             /usr/lib/jvm/java-9-openjdk-amd64/bin/java
00601000-00602000 rw-p 00001000 08:05 536148                             /usr/lib/jvm/java-9-openjdk-amd64/bin/java
01ae3000-01b04000 rw-p 00000000 00:00 0                                  [heap]
85200000-8ce00000 rw-p 00000000 00:00 0 
8ce00000-100000000 ---p 00000000 00:00 0 
100000000-1001c0000 rw-p 00000000 00:00 0 
1001c0000-140000000 ---p 00000000 00:00 0 
7f872c000000-7f872c021000 rw-p 00000000 00:00 0 
7f872c021000-7f8730000000 ---p 00000000 00:00 0 
7f8734000000-7f8734021000 rw-p 00000000 00:00 0 
7f8734021000-7f8738000000 ---p 00000000 00:00 0 
7f8738000000-7f8738021000 rw-p 00000000 00:00 0 
7f8738021000-7f873c000000 ---p 00000000 00:00 0 
7f873c000000-7f873c021000 rw-p 00000000 00:00 0 
7f873c021000-7f8740000000 ---p 00000000 00:00 0 
7f8740000000-7f8740021000 rw-p 00000000 00:00 0 
7f8740021000-7f8744000000 ---p 00000000 00:00 0 
7f8744000000-7f8744021000 rw-p 00000000 00:00 0 
7f8744021000-7f8748000000 ---p 00000000 00:00 0 
7f8748000000-7f8748021000 rw-p 00000000 00:00 0 
7f8748021000-7f874c000000 ---p 00000000 00:00 0 
7f874c000000-7f874c021000 rw-p 00000000 00:00 0 
7f874c021000-7f8750000000 ---p 00000000 00:00 0 
7f8750000000-7f8750021000 rw-p 00000000 00:00 0 
7f8750021000-7f8754000000 ---p 00000000 00:00 0 
7f8754000000-7f8754259000 rw-p 00000000 00:00 0 
7f8754259000-7f8758000000 ---p 00000000 00:00 0 
7f8758000000-7f8758136000 rw-p 00000000 00:00 0 
7f8758136000-7f875c000000 ---p 00000000 00:00 0 
7f875c000000-7f875c13f000 rw-p 00000000 00:00 0 
7f875c13f000-7f8760000000 ---p 00000000 00:00 0 
7f87603a5000-7f8760525000 rw-p 00000000 00:00 0 
7f8760525000-7f87605a5000 ---p 00000000 00:00 0 
7f87605a5000-7f87605b0000 r--s 00000000 08:06 393315                     /var/cache/fontconfig/945677eb7aeaf62f1d50efc3fb3ec7d8-le64.cache-6
7f87605b0000-7f87605f0000 r--s 00000000 08:06 393276                     /var/cache/fontconfig/0bd3dc0958fa2205aaaa8ebb13e2872b-le64.cache-6
7f876065a000-7f876065e000 ---p 00000000 00:00 0 
7f876065e000-7f876075b000 rw-p 00000000 00:00 0 
7f876075b000-7f876075f000 ---p 00000000 00:00 0 
7f876075f000-7f8760a5c000 rw-p 00000000 00:00 0 
7f8760a5c000-7f8760a60000 ---p 00000000 00:00 0 
7f8760a60000-7f8760b5d000 rw-p 00000000 00:00 0 
7f8760b5d000-7f8760b62000 r-xp 00000000 08:05 275394                     /usr/lib/x86_64-linux-gnu/libXfixes.so.3.1.0
7f8760b62000-7f8760d61000 ---p 00005000 08:05 275394                     /usr/lib/x86_64-linux-gnu/libXfixes.so.3.1.0
7f8760d61000-7f8760d62000 r--p 00004000 08:05 275394                     /usr/lib/x86_64-linux-gnu/libXfixes.so.3.1.0
7f8760d62000-7f8760d63000 rw-p 00005000 08:05 275394                     /usr/lib/x86_64-linux-gnu/libXfixes.so.3.1.0
7f8760d63000-7f8760d6c000 r-xp 00000000 08:05 275386                     /usr/lib/x86_64-linux-gnu/libXcursor.so.1.0.2
7f8760d6c000-7f8760f6b000 ---p 00009000 08:05 275386                     /usr/lib/x86_64-linux-gnu/libXcursor.so.1.0.2
7f8760f6b000-7f8760f6c000 r--p 00008000 08:05 275386                     /usr/lib/x86_64-linux-gnu/libXcursor.so.1.0.2
7f8760f6c000-7f8760f6d000 rw-p 00009000 08:05 275386                     /usr/lib/x86_64-linux-gnu/libXcursor.so.1.0.2
7f8760f6d000-7f8760f71000 ---p 00000000 00:00 0 
7f8760f71000-7f876106e000 rw-p 00000000 00:00 0 
7f876106e000-7f8761092000 r-xp 00000000 08:05 660858                     /lib/x86_64-linux-gnu/libpng12.so.0.54.0
7f8761092000-7f8761291000 ---p 00024000 08:05 660858                     /lib/x86_64-linux-gnu/libpng12.so.0.54.0
7f8761291000-7f8761292000 r--p 00023000 08:05 660858                     /lib/x86_64-linux-gnu/libpng12.so.0.54.0
7f8761292000-7f8761293000 rw-p 00024000 08:05 660858                     /lib/x86_64-linux-gnu/libpng12.so.0.54.0
7f8761293000-7f8761337000 r-xp 00000000 08:05 275851                     /usr/lib/x86_64-linux-gnu/libfreetype.so.6.12.1
7f8761337000-7f8761536000 ---p 000a4000 08:05 275851                     /usr/lib/x86_64-linux-gnu/libfreetype.so.6.12.1
7f8761536000-7f876153c000 r--p 000a3000 08:05 275851                     /usr/lib/x86_64-linux-gnu/libfreetype.so.6.12.1
7f876153c000-7f876153d000 rw-p 000a9000 08:05 275851                     /usr/lib/x86_64-linux-gnu/libfreetype.so.6.12.1
7f876153d000-7f8761603000 r-xp 00000000 08:05 536168                     /usr/lib/jvm/java-9-openjdk-amd64/lib/amd64/libfontmanager.so
7f8761603000-7f8761802000 ---p 000c6000 08:05 536168                     /usr/lib/jvm/java-9-openjdk-amd64/lib/amd64/libfontmanager.so
7f8761802000-7f8761805000 r--p 000c5000 08:05 536168                     /usr/lib/jvm/java-9-openjdk-amd64/lib/amd64/libfontmanager.so
7f8761805000-7f8761806000 rw-p 000c8000 08:05 536168                     /usr/lib/jvm/java-9-openjdk-amd64/lib/amd64/libfontmanager.so
7f8761806000-7f8761807000 rw-p 00000000 00:00 0 
7f8761807000-7f876180c000 r-xp 00000000 08:05 275390                     /usr/lib/x86_64-linux-gnu/libXdmcp.so.6.0.0
7f876180c000-7f8761a0b000 ---p 00005000 08:05 275390                     /usr/lib/x86_64-linux-gnu/libXdmcp.so.6.0.0
7f8761a0b000-7f8761a0c000 r--p 00004000 08:05 275390                     /usr/lib/x86_64-linux-gnu/libXdmcp.so.6.0.0
7f8761a0c000-7f8761a0d000 rw-p 00005000 08:05 275390                     /usr/lib/x86_64-linux-gnu/libXdmcp.so.6.0.0
7f8761a0d000-7f8761a0f000 r-xp 00000000 08:05 275379                     /usr/lib/x86_64-linux-gnu/libXau.so.6.0.0
7f8761a0f000-7f8761c0f000 ---p 00002000 08:05 275379                     /usr/lib/x86_64-linux-gnu/libXau.so.6.0.0
7f8761c0f000-7f8761c10000 r--p 00002000 08:05 275379                     /usr/lib/x86_64-linux-gnu/libXau.so.6.0.0
7f8761c10000-7f8761c11000 rw-p 00003000 08:05 275379                     /usr/lib/x86_64-linux-gnu/libXau.so.6.0.0
7f8761c11000-7f8761c32000 r-xp 00000000 08:05 277092                     /usr/lib/x86_64-linux-gnu/libxcb.so.1.1.0
7f8761c32000-7f8761e31000 ---p 00021000 08:05 277092                     /usr/lib/x86_64-linux-gnu/libxcb.so.1.1.0
7f8761e31000-7f8761e32000 r--p 00020000 08:05 277092                     /usr/lib/x86_64-linux-gnu/libxcb.so.1.1.0
7f8761e32000-7f8761e33000 rw-p 00021000 08:05 277092                     /usr/lib/x86_64-linux-gnu/libxcb.so.1.1.0
7f8761e33000-7f8761e42000 r-xp 00000000 08:05 275400                     /usr/lib/x86_64-linux-gnu/libXi.so.6.1.0
7f8761e42000-7f8762041000 ---p 0000f000 08:05 275400                     /usr/lib/x86_64-linux-gnu/libXi.so.6.1.0
7f8762041000-7f8762042000 r--p 0000e000 08:05 275400                     /usr/lib/x86_64-linux-gnu/libXi.so.6.1.0
7f8762042000-7f8762043000 rw-p 0000f000 08:05 275400                     /usr/lib/x86_64-linux-gnu/libXi.so.6.1.0
7f8762043000-7f8762048000 r-xp 00000000 08:05 275418                     /usr/lib/x86_64-linux-gnu/libXtst.so.6.1.0
7f8762048000-7f8762247000 ---p 00005000 08:05 275418                     /usr/lib/x86_64-linux-gnu/libXtst.so.6.1.0
7f8762247000-7f8762248000 r--p 00004000 08:05 275418                     /usr/lib/x86_64-linux-gnu/libXtst.so.6.1.0
7f8762248000-7f8762249000 rw-p 00005000 08:05 275418                     /usr/lib/x86_64-linux-gnu/libXtst.so.6.1.0
7f8762249000-7f8762252000 r-xp 00000000 08:05 275412                     /usr/lib/x86_64-linux-gnu/libXrender.so.1.3.0
7f8762252000-7f8762451000 ---p 00009000 08:05 275412                     /usr/lib/x86_64-linux-gnu/libXrender.so.1.3.0
7f8762451000-7f8762452000 r--p 00008000 08:05 275412                     /usr/lib/x86_64-linux-gnu/libXrender.so.1.3.0
7f8762452000-7f8762453000 rw-p 00009000 08:05 275412                     /usr/lib/x86_64-linux-gnu/libXrender.so.1.3.0
7f8762453000-7f8762588000 r-xp 00000000 08:05 275375                     /usr/lib/x86_64-linux-gnu/libX11.so.6.3.0
7f8762588000-7f8762788000 ---p 00135000 08:05 275375                     /usr/lib/x86_64-linux-gnu/libX11.so.6.3.0
7f8762788000-7f8762789000 r--p 00135000 08:05 275375                     /usr/lib/x86_64-linux-gnu/libX11.so.6.3.0
7f8762789000-7f876278d000 rw-p 00136000 08:05 275375                     /usr/lib/x86_64-linux-gnu/libX11.so.6.3.0
7f876278d000-7f876279e000 r-xp 00000000 08:05 275392                     /usr/lib/x86_64-linux-gnu/libXext.so.6.4.0
7f876279e000-7f876299d000 ---p 00011000 08:05 275392                     /usr/lib/x86_64-linux-gnu/libXext.so.6.4.0
7f876299d000-7f876299e000 r--p 00010000 08:05 275392                     /usr/lib/x86_64-linux-gnu/libXext.so.6.4.0
7f876299e000-7f876299f000 rw-p 00011000 08:05 275392                     /usr/lib/x86_64-linux-gnu/libXext.so.6.4.0
7f876299f000-7f87629f6000 r-xp 00000000 08:05 536195                     /usr/lib/jvm/java-9-openjdk-amd64/lib/amd64/libawt_xawt.so
7f87629f6000-7f8762bf6000 ---p 00057000 08:05 536195                     /usr/lib/jvm/java-9-openjdk-amd64/lib/amd64/libawt_xawt.so
7f8762bf6000-7f8762bf7000 r--p 00057000 08:05 536195                     /usr/lib/jvm/java-9-openjdk-amd64/lib/amd64/libawt_xawt.so
7f8762bf7000-7f8762bfa000 rw-p 00058000 08:05 536195                     /usr/lib/jvm/java-9-openjdk-amd64/lib/amd64/libawt_xawt.so
7f8762bfa000-7f8762bfb000 rw-p 00000000 00:00 0 
7f8762bfb000-7f8762c9b000 r-xp 00000000 08:05 536167                     /usr/lib/jvm/java-9-openjdk-amd64/lib/amd64/libawt.so
7f8762c9b000-7f8762e9a000 ---p 000a0000 08:05 536167                     /usr/lib/jvm/java-9-openjdk-amd64/lib/amd64/libawt.so
7f8762e9a000-7f8762e9b000 r--p 0009f000 08:05 536167                     /usr/lib/jvm/java-9-openjdk-amd64/lib/amd64/libawt.so
7f8762e9b000-7f8762ea6000 rw-p 000a0000 08:05 536167                     /usr/lib/jvm/java-9-openjdk-amd64/lib/amd64/libawt.so
7f8762ea6000-7f8762ecb000 rw-p 00000000 00:00 0 
7f8762ecb000-7f8762ecf000 ---p 00000000 00:00 0 
7f8762ecf000-7f8762fcc000 rw-p 00000000 00:00 0 
7f8762fcc000-7f8762fcd000 r-xp 00000000 08:08 2100448                    /home/eden/idea-IC-163.12024.16/bin/libbreakgen64.so
7f8762fcd000-7f87631cc000 ---p 00001000 08:08 2100448                    /home/eden/idea-IC-163.12024.16/bin/libbreakgen64.so
7f87631cc000-7f87631cd000 r--p 00000000 08:08 2100448                    /home/eden/idea-IC-163.12024.16/bin/libbreakgen64.so
7f87631cd000-7f87631ce000 rw-p 00001000 08:08 2100448                    /home/eden/idea-IC-163.12024.16/bin/libbreakgen64.so
7f87631ce000-7f87631cf000 ---p 00000000 00:00 0 
7f87631cf000-7f87632cf000 rw-p 00000000 00:00 0 
7f87632cf000-7f87632d3000 ---p 00000000 00:00 0 
7f87632d3000-7f87633d0000 rw-p 00000000 00:00 0 
7f87633d0000-7f87633d4000 ---p 00000000 00:00 0 
7f87633d4000-7f87637d2000 rw-p 00000000 00:00 0 
7f87637d2000-7f87637e8000 r-xp 00000000 08:05 536169                     /usr/lib/jvm/java-9-openjdk-amd64/lib/amd64/libnet.so
7f87637e8000-7f87639e7000 ---p 00016000 08:05 536169                     /usr/lib/jvm/java-9-openjdk-amd64/lib/amd64/libnet.so
7f87639e7000-7f87639e8000 r--p 00015000 08:05 536169                     /usr/lib/jvm/java-9-openjdk-amd64/lib/amd64/libnet.so
7f87639e8000-7f87639e9000 rw-p 00016000 08:05 536169                     /usr/lib/jvm/java-9-openjdk-amd64/lib/amd64/libnet.so
7f87639e9000-7f87639fa000 r-xp 00000000 08:05 536196                     /usr/lib/jvm/java-9-openjdk-amd64/lib/amd64/libnio.so
7f87639fa000-7f8763bfa000 ---p 00011000 08:05 536196                     /usr/lib/jvm/java-9-openjdk-amd64/lib/amd64/libnio.so
7f8763bfa000-7f8763bfb000 r--p 00011000 08:05 536196                     /usr/lib/jvm/java-9-openjdk-amd64/lib/amd64/libnio.so
7f8763bfb000-7f8763bfc000 rw-p 00012000 08:05 536196                     /usr/lib/jvm/java-9-openjdk-amd64/lib/amd64/libnio.so
7f8763bfc000-7f8763c00000 ---p 00000000 00:00 0 
7f8763c00000-7f8763cfd000 rw-p 00000000 00:00 0 
7f8763cfd000-7f8763d01000 ---p 00000000 00:00 0 
7f8763d01000-7f8763dfe000 rw-p 00000000 00:00 0 
7f8763dfe000-7f8763e02000 ---p 00000000 00:00 0 
7f8763e02000-7f8763eff000 rw-p 00000000 00:00 0 
7f8763eff000-7f8763f03000 ---p 00000000 00:00 0 
7f8763f03000-7f8764000000 rw-p 00000000 00:00 0 
7f8764000000-7f8764021000 rw-p 00000000 00:00 0 
7f8764021000-7f8768000000 ---p 00000000 00:00 0 
7f8768000000-7f8768258000 rw-p 00000000 00:00 0 
7f8768258000-7f876c000000 ---p 00000000 00:00 0 
7f876c000000-7f876c021000 rw-p 00000000 00:00 0 
7f876c021000-7f8770000000 ---p 00000000 00:00 0 
7f8770000000-7f8770021000 rw-p 00000000 00:00 0 
7f8770021000-7f8774000000 ---p 00000000 00:00 0 
7f8774000000-7f8774021000 rw-p 00000000 00:00 0 
7f8774021000-7f8778000000 ---p 00000000 00:00 0 
7f8778000000-7f8778021000 rw-p 00000000 00:00 0 
7f8778021000-7f877c000000 ---p 00000000 00:00 0 
7f877c000000-7f877c021000 rw-p 00000000 00:00 0 
7f877c021000-7f8780000000 ---p 00000000 00:00 0 
7f8780000000-7f8780021000 rw-p 00000000 00:00 0 
7f8780021000-7f8784000000 ---p 00000000 00:00 0 
7f8784000000-7f8784021000 rw-p 00000000 00:00 0 
7f8784021000-7f8788000000 ---p 00000000 00:00 0 
7f8788007000-7f878801c000 r--s 00000000 08:06 393275                     /var/cache/fontconfig/04aabc0a78ac019cf9454389977116d2-le64.cache-6
7f878801c000-7f8788020000 ---p 00000000 00:00 0 
7f8788020000-7f878811d000 rw-p 00000000 00:00 0 
7f878811d000-7f8788121000 ---p 00000000 00:00 0 
7f8788121000-7f878821e000 rw-p 00000000 00:00 0 
7f878821e000-7f8788222000 ---p 00000000 00:00 0 
7f8788222000-7f878831f000 rw-p 00000000 00:00 0 
7f878831f000-7f87885f9000 r--p 00000000 08:05 273083                     /usr/lib/locale/locale-archive
7f87885f9000-7f87885fd000 ---p 00000000 00:00 0 
7f87885fd000-7f87886fa000 rw-p 00000000 00:00 0 
7f87886fa000-7f87886fe000 ---p 00000000 00:00 0 
7f87886fe000-7f87887fb000 rw-p 00000000 00:00 0 
7f87887fb000-7f87887fc000 ---p 00000000 00:00 0 
7f87887fc000-7f87891cd000 rw-p 00000000 00:00 0 
7f87891cd000-7f878bcb7000 rw-p 00000000 00:00 0 
7f878bcb7000-7f878bcb8000 ---p 00000000 00:00 0 
7f878bcb8000-7f878bdb8000 rw-p 00000000 00:00 0 
7f878bdb8000-7f878bdb9000 ---p 00000000 00:00 0 
7f878bdb9000-7f878c0a9000 rw-p 00000000 00:00 0 
7f878c0a9000-7f878dd71000 ---p 00000000 00:00 0 
7f878dd71000-7f878df61000 rw-p 00000000 00:00 0 
7f878df61000-7f878fc29000 ---p 00000000 00:00 0 
7f878fc29000-7f878fc67000 rw-p 00000000 00:00 0 
7f878fc67000-7f8790000000 ---p 00000000 00:00 0 
7f8790000000-7f8790021000 rw-p 00000000 00:00 0 
7f8790021000-7f8794000000 ---p 00000000 00:00 0 
7f8794000000-7f8794021000 rw-p 00000000 00:00 0 
7f8794021000-7f8798000000 ---p 00000000 00:00 0 
7f8798000000-7f8798021000 rw-p 00000000 00:00 0 
7f8798021000-7f879c000000 ---p 00000000 00:00 0 
7f879c000000-7f879c021000 rw-p 00000000 00:00 0 
7f879c021000-7f87a0000000 ---p 00000000 00:00 0 
7f87a0000000-7f87a0021000 rw-p 00000000 00:00 0 
7f87a0021000-7f87a4000000 ---p 00000000 00:00 0 
7f87a4000000-7f87a4021000 rw-p 00000000 00:00 0 
7f87a4021000-7f87a8000000 ---p 00000000 00:00 0 
7f87a8000000-7f87a8021000 rw-p 00000000 00:00 0 
7f87a8021000-7f87ac000000 ---p 00000000 00:00 0 
7f87ac000000-7f87ac021000 rw-p 00000000 00:00 0 
7f87ac021000-7f87b0000000 ---p 00000000 00:00 0 
7f87b0000000-7f87b0021000 rw-p 00000000 00:00 0 
7f87b0021000-7f87b4000000 ---p 00000000 00:00 0 
7f87b4000000-7f87b4021000 rw-p 00000000 00:00 0 
7f87b4021000-7f87b8000000 ---p 00000000 00:00 0 
7f87b8000000-7f87b8021000 rw-p 00000000 00:00 0 
7f87b8021000-7f87bc000000 ---p 00000000 00:00 0 
7f87bc000000-7f87bc021000 rw-p 00000000 00:00 0 
7f87bc021000-7f87c0000000 ---p 00000000 00:00 0 
7f87c0000000-7f87c0021000 rw-p 00000000 00:00 0 
7f87c0021000-7f87c4000000 ---p 00000000 00:00 0 
7f87c4000000-7f87c4021000 rw-p 00000000 00:00 0 
7f87c4021000-7f87c8000000 ---p 00000000 00:00 0 
7f87c8000000-7f87c8021000 rw-p 00000000 00:00 0 
7f87c8021000-7f87cc000000 ---p 00000000 00:00 0 
7f87cc000000-7f87cc021000 rw-p 00000000 00:00 0 
7f87cc021000-7f87d0000000 ---p 00000000 00:00 0 
7f87d0000000-7f87d0021000 rw-p 00000000 00:00 0 
7f87d0021000-7f87d4000000 ---p 00000000 00:00 0 
7f87d400a000-7f87d400c000 r--s 00000000 08:06 393317                     /var/cache/fontconfig/99e8ed0e538f840c565b6ed5dad60d56-le64.cache-6
7f87d400c000-7f87d4012000 r--s 00000000 08:06 393285                     /var/cache/fontconfig/2cd17615ca594fa2959ae173292e504c-le64.cache-6
7f87d4012000-7f87d4013000 r--s 00000000 08:06 393278                     /var/cache/fontconfig/0d8c3b2ac0904cb8a57a757ad11a4a08-le64.cache-6
7f87d4013000-7f87d4014000 r--s 00000000 08:06 393282                     /var/cache/fontconfig/1ac9eb803944fde146138c791f5cc56a-le64.cache-6
7f87d4014000-7f87d4018000 r--s 00000000 08:06 393290                     /var/cache/fontconfig/385c0604a188198f04d133e54aba7fe7-le64.cache-6
7f87d4018000-7f87d4019000 r--s 00000000 08:06 393336                     /var/cache/fontconfig/dc05db6664285cc2f12bf69c139ae4c3-le64.cache-6
7f87d4019000-7f87d401b000 r--s 00000000 08:06 393279                     /var/cache/fontconfig/14a5e22175779b556eaa434240950366-le64.cache-6
7f87d401b000-7f87d401c000 r--s 00000000 08:06 393306                     /var/cache/fontconfig/660208299946a285a940457d1287da33-le64.cache-6
7f87d401c000-7f87d401e000 r--s 00000000 08:06 393297                     /var/cache/fontconfig/4f3e3037c9980c83b53a9351efadef62-le64.cache-6
7f87d401e000-7f87d4021000 r--s 00000000 08:06 393311                     /var/cache/fontconfig/767a8244fc0220cfb567a839d0392e0b-le64.cache-6
7f87d4021000-7f87d4023000 r--s 00000000 08:06 393308                     /var/cache/fontconfig/69fb4bbe1b2fa860e172a32ebf28505c-le64.cache-6
7f87d4023000-7f87d4024000 r--s 00000000 08:06 393292                     /var/cache/fontconfig/4794a0821666d79190d59a36cb4f44b5-le64.cache-6
7f87d4024000-7f87d4029000 r--s 00000000 08:06 393314                     /var/cache/fontconfig/8801497958630a81b71ace7c5f9b32a8-le64.cache-6
7f87d4029000-7f87d402c000 r--s 00000000 08:06 393320                     /var/cache/fontconfig/a015930274ffcd967d2ca1b57da47cc7-le64.cache-6
7f87d402c000-7f87d402d000 r--s 00000000 08:06 393324                     /var/cache/fontconfig/b872e6e592da6075ffa4ab0a1fcc0c75-le64.cache-6
7f87d402d000-7f87d402e000 r--s 00000000 08:06 393341                     /var/cache/fontconfig/f6d4eedfaab2589bde49f7a3ff831d22-le64.cache-6
7f87d402e000-7f87d402f000 r--s 00000000 08:06 393304                     /var/cache/fontconfig/589f83ef4c36d296ce6e1c846f468f08-le64.cache-6
7f87d402f000-7f87d4030000 r--s 00000000 08:06 393326                     /var/cache/fontconfig/bab58bb527bb656aaa9f116d68a48d89-le64.cache-6
7f87d4030000-7f87d4031000 r--s 00000000 08:06 393283                     /var/cache/fontconfig/2171a34dccabdb6bcbbc728186263178-le64.cache-6
7f87d4031000-7f87d4032000 r--s 00000000 08:06 393327                     /var/cache/fontconfig/c5c45a61289222e0d30b1a26ef4effbe-le64.cache-6
7f87d4032000-7f87d4033000 r--s 00000000 08:06 393322                     /var/cache/fontconfig/aec30016f93e1b46d1a973dce0d74068-le64.cache-6
7f87d4033000-7f87d4034000 r--s 00000000 08:06 393291                     /var/cache/fontconfig/3f589640d34b7dc9042c8d453f7c8b9c-le64.cache-6
7f87d4034000-7f87d403b000 r--s 00000000 08:06 393286                     /var/cache/fontconfig/3047814df9a2f067bd2d96a2b9c36e5a-le64.cache-6
7f87d403b000-7f87d4041000 r--s 00000000 08:06 393323                     /var/cache/fontconfig/b47c4e1ecd0709278f4910c18777a504-le64.cache-6
7f87d4041000-7f87d40bc000 rw-p 00000000 00:00 0 
7f87d40bc000-7f87d40bd000 ---p 00000000 00:00 0 
7f87d40bd000-7f87d41fb000 rw-p 00000000 00:00 0 
7f87d41fb000-7f87d496b000 ---p 00000000 00:00 0 
7f87d496b000-7f87d49a9000 rw-p 00000000 00:00 0 
7f87d49a9000-7f87d4d42000 ---p 00000000 00:00 0 
7f87d4d42000-7f87d4d43000 ---p 00000000 00:00 0 
7f87d4d43000-7f87d4e43000 rw-p 00000000 00:00 0 
7f87d4e43000-7f87d4e44000 ---p 00000000 00:00 0 
7f87d4e44000-7f87d4f44000 rw-p 00000000 00:00 0 
7f87d4f44000-7f87d4f45000 ---p 00000000 00:00 0 
7f87d4f45000-7f87d5045000 rw-p 00000000 00:00 0 
7f87d5045000-7f87d5046000 ---p 00000000 00:00 0 
7f87d5046000-7f87d5146000 rw-p 00000000 00:00 0 
7f87d5146000-7f87d5147000 ---p 00000000 00:00 0 
7f87d5147000-7f87d5247000 rw-p 00000000 00:00 0 
7f87d5247000-7f87d5248000 ---p 00000000 00:00 0 
7f87d5248000-7f87d5348000 rw-p 00000000 00:00 0 
7f87d5348000-7f87d5349000 ---p 00000000 00:00 0 
7f87d5349000-7f87d5449000 rw-p 00000000 00:00 0 
7f87d5449000-7f87d544a000 ---p 00000000 00:00 0 
7f87d544a000-7f87d554a000 rw-p 00000000 00:00 0 
7f87d554a000-7f87d554b000 ---p 00000000 00:00 0 
7f87d554b000-7f87d5c51000 rw-p 00000000 00:00 0 
7f87d5c51000-7f87d5ec1000 rwxp 00000000 00:00 0 
7f87d5ec1000-7f87d61e2000 ---p 00000000 00:00 0 
7f87d61e2000-7f87d6452000 rwxp 00000000 00:00 0 
7f87d6452000-7f87dd719000 ---p 00000000 00:00 0 
7f87dd719000-7f87dd989000 rwxp 00000000 00:00 0 
7f87dd989000-7f87e4c51000 ---p 00000000 00:00 0 
7f87e4c51000-7f87ec000000 r--s 00000000 08:05 536153                     /usr/lib/jvm/java-9-openjdk-amd64/lib/modules
7f87ec000000-7f87ec4ef000 rw-p 00000000 00:00 0 
7f87ec4ef000-7f87f0000000 ---p 00000000 00:00 0 
7f87f0000000-7f87f0001000 r--s 00000000 08:06 393280                     /var/cache/fontconfig/16c2fda60d1b4b719f4b3d06fd951d25-le64.cache-6
7f87f0001000-7f87f0002000 r--s 00000000 08:06 393321                     /var/cache/fontconfig/a48eab177a16e4f3713381162db2f3e9-le64.cache-6
7f87f0002000-7f87f0003000 r--s 00000000 08:06 393300                     /var/cache/fontconfig/564b2e68ac9bc4e36a6f7f6d6125ec1c-le64.cache-6
7f87f0003000-7f87f0004000 r--s 00000000 08:06 393301                     /var/cache/fontconfig/56cf4f4769d0f4abc89a4895d7bd3ae1-le64.cache-6
7f87f0004000-7f87f0005000 r--s 00000000 08:06 393325                     /var/cache/fontconfig/b9d506c9ac06c20b433354fa67a72993-le64.cache-6
7f87f0005000-7f87f0018000 r--s 00000000 08:06 393333                     /var/cache/fontconfig/d52a8644073d54c13679302ca1180695-le64.cache-6
7f87f0018000-7f87f0019000 r--s 00000000 08:06 393288                     /var/cache/fontconfig/370e5b74bf5dafc30834de68e24a87a4-le64.cache-6
7f87f0019000-7f87f001a000 r--s 00000000 08:06 393309                     /var/cache/fontconfig/6b2c5944714ca7831b25bed9e85cb5c8-le64.cache-6
7f87f001a000-7f87f001b000 r--s 00000000 08:06 393332                     /var/cache/fontconfig/d5178ab6d91b49bf20a416737dcea9e8-le64.cache-6
7f87f001b000-7f87f0298000 rw-p 00000000 00:00 0 
7f87f0298000-7f87f0299000 ---p 00000000 00:00 0 
7f87f0299000-7f87f0399000 rw-p 00000000 00:00 0 
7f87f0399000-7f87f039a000 ---p 00000000 00:00 0 
7f87f039a000-7f87f049a000 rw-p 00000000 00:00 0 
7f87f049a000-7f87f049b000 ---p 00000000 00:00 0 
7f87f049b000-7f87f059b000 rw-p 00000000 00:00 0 
7f87f059b000-7f87f059c000 ---p 00000000 00:00 0 
7f87f059c000-7f87f069c000 rw-p 00000000 00:00 0 
7f87f069c000-7f87f069d000 ---p 00000000 00:00 0 
7f87f069d000-7f87f079d000 rw-p 00000000 00:00 0 
7f87f079d000-7f87f079e000 ---p 00000000 00:00 0 
7f87f079e000-7f87f089e000 rw-p 00000000 00:00 0 
7f87f089e000-7f87f089f000 ---p 00000000 00:00 0 
7f87f089f000-7f87f099f000 rw-p 00000000 00:00 0 
7f87f099f000-7f87f09a0000 ---p 00000000 00:00 0 
7f87f09a0000-7f87f0aa5000 rw-p 00000000 00:00 0 
7f87f0aa5000-7f87f0b8b000 ---p 00000000 00:00 0 
7f87f0b8b000-7f87f0b90000 rw-p 00000000 00:00 0 
7f87f0b90000-7f87f0c76000 ---p 00000000 00:00 0 
7f87f0c76000-7f87f0c7b000 r-xp 00000000 08:05 536183                     /usr/lib/jvm/java-9-openjdk-amd64/lib/amd64/libjimage.so
7f87f0c7b000-7f87f0e7a000 ---p 00005000 08:05 536183                     /usr/lib/jvm/java-9-openjdk-amd64/lib/amd64/libjimage.so
7f87f0e7a000-7f87f0e7b000 r--p 00004000 08:05 536183                     /usr/lib/jvm/java-9-openjdk-amd64/lib/amd64/libjimage.so
7f87f0e7b000-7f87f0e7c000 rw-p 00005000 08:05 536183                     /usr/lib/jvm/java-9-openjdk-amd64/lib/amd64/libjimage.so
7f87f0e7c000-7f87f0e83000 r-xp 00000000 08:05 536179                     /usr/lib/jvm/java-9-openjdk-amd64/lib/amd64/libzip.so
7f87f0e83000-7f87f1082000 ---p 00007000 08:05 536179                     /usr/lib/jvm/java-9-openjdk-amd64/lib/amd64/libzip.so
7f87f1082000-7f87f1083000 r--p 00006000 08:05 536179                     /usr/lib/jvm/java-9-openjdk-amd64/lib/amd64/libzip.so
7f87f1083000-7f87f1084000 rw-p 00007000 08:05 536179                     /usr/lib/jvm/java-9-openjdk-amd64/lib/amd64/libzip.so
7f87f1084000-7f87f108f000 r-xp 00000000 08:05 660816                     /lib/x86_64-linux-gnu/libnss_files-2.23.so
7f87f108f000-7f87f128e000 ---p 0000b000 08:05 660816                     /lib/x86_64-linux-gnu/libnss_files-2.23.so
7f87f128e000-7f87f128f000 r--p 0000a000 08:05 660816                     /lib/x86_64-linux-gnu/libnss_files-2.23.so
7f87f128f000-7f87f1290000 rw-p 0000b000 08:05 660816                     /lib/x86_64-linux-gnu/libnss_files-2.23.so
7f87f1290000-7f87f1296000 rw-p 00000000 00:00 0 
7f87f1296000-7f87f12a1000 r-xp 00000000 08:05 660826                     /lib/x86_64-linux-gnu/libnss_nis-2.23.so
7f87f12a1000-7f87f14a0000 ---p 0000b000 08:05 660826                     /lib/x86_64-linux-gnu/libnss_nis-2.23.so
7f87f14a0000-7f87f14a1000 r--p 0000a000 08:05 660826                     /lib/x86_64-linux-gnu/libnss_nis-2.23.so
7f87f14a1000-7f87f14a2000 rw-p 0000b000 08:05 660826                     /lib/x86_64-linux-gnu/libnss_nis-2.23.so
7f87f14a2000-7f87f14b8000 r-xp 00000000 08:05 660810                     /lib/x86_64-linux-gnu/libnsl-2.23.so
7f87f14b8000-7f87f16b7000 ---p 00016000 08:05 660810                     /lib/x86_64-linux-gnu/libnsl-2.23.so
7f87f16b7000-7f87f16b8000 r--p 00015000 08:05 660810                     /lib/x86_64-linux-gnu/libnsl-2.23.so
7f87f16b8000-7f87f16b9000 rw-p 00016000 08:05 660810                     /lib/x86_64-linux-gnu/libnsl-2.23.so
7f87f16b9000-7f87f16bb000 rw-p 00000000 00:00 0 
7f87f16bb000-7f87f16c3000 r-xp 00000000 08:05 660812                     /lib/x86_64-linux-gnu/libnss_compat-2.23.so
7f87f16c3000-7f87f18c2000 ---p 00008000 08:05 660812                     /lib/x86_64-linux-gnu/libnss_compat-2.23.so
7f87f18c2000-7f87f18c3000 r--p 00007000 08:05 660812                     /lib/x86_64-linux-gnu/libnss_compat-2.23.so
7f87f18c3000-7f87f18c4000 rw-p 00008000 08:05 660812                     /lib/x86_64-linux-gnu/libnss_compat-2.23.so
7f87f18c4000-7f87f18ef000 r-xp 00000000 08:05 536162                     /usr/lib/jvm/java-9-openjdk-amd64/lib/amd64/libjava.so
7f87f18ef000-7f87f1aee000 ---p 0002b000 08:05 536162                     /usr/lib/jvm/java-9-openjdk-amd64/lib/amd64/libjava.so
7f87f1aee000-7f87f1aef000 r--p 0002a000 08:05 536162                     /usr/lib/jvm/java-9-openjdk-amd64/lib/amd64/libjava.so
7f87f1aef000-7f87f1af1000 rw-p 0002b000 08:05 536162                     /usr/lib/jvm/java-9-openjdk-amd64/lib/amd64/libjava.so
7f87f1af1000-7f87f1afe000 r-xp 00000000 08:05 536163                     /usr/lib/jvm/java-9-openjdk-amd64/lib/amd64/libverify.so
7f87f1afe000-7f87f1cfd000 ---p 0000d000 08:05 536163                     /usr/lib/jvm/java-9-openjdk-amd64/lib/amd64/libverify.so
7f87f1cfd000-7f87f1cff000 r--p 0000c000 08:05 536163                     /usr/lib/jvm/java-9-openjdk-amd64/lib/amd64/libverify.so
7f87f1cff000-7f87f1d00000 rw-p 0000e000 08:05 536163                     /usr/lib/jvm/java-9-openjdk-amd64/lib/amd64/libverify.so
7f87f1d00000-7f87f1d07000 r-xp 00000000 08:05 660871                     /lib/x86_64-linux-gnu/librt-2.23.so
7f87f1d07000-7f87f1f06000 ---p 00007000 08:05 660871                     /lib/x86_64-linux-gnu/librt-2.23.so
7f87f1f06000-7f87f1f07000 r--p 00006000 08:05 660871                     /lib/x86_64-linux-gnu/librt-2.23.so
7f87f1f07000-7f87f1f08000 rw-p 00007000 08:05 660871                     /lib/x86_64-linux-gnu/librt-2.23.so
7f87f1f08000-7f87f1f1e000 r-xp 00000000 08:05 660755                     /lib/x86_64-linux-gnu/libgcc_s.so.1
7f87f1f1e000-7f87f211d000 ---p 00016000 08:05 660755                     /lib/x86_64-linux-gnu/libgcc_s.so.1
7f87f211d000-7f87f211e000 rw-p 00015000 08:05 660755                     /lib/x86_64-linux-gnu/libgcc_s.so.1
7f87f211e000-7f87f2226000 r-xp 00000000 08:05 660787                     /lib/x86_64-linux-gnu/libm-2.23.so
7f87f2226000-7f87f2425000 ---p 00108000 08:05 660787                     /lib/x86_64-linux-gnu/libm-2.23.so
7f87f2425000-7f87f2426000 r--p 00107000 08:05 660787                     /lib/x86_64-linux-gnu/libm-2.23.so
7f87f2426000-7f87f2427000 rw-p 00108000 08:05 660787                     /lib/x86_64-linux-gnu/libm-2.23.so
7f87f2427000-7f87f2599000 r-xp 00000000 08:05 276839                     /usr/lib/x86_64-linux-gnu/libstdc++.so.6.0.21
7f87f2599000-7f87f2799000 ---p 00172000 08:05 276839                     /usr/lib/x86_64-linux-gnu/libstdc++.so.6.0.21
7f87f2799000-7f87f27a3000 r--p 00172000 08:05 276839                     /usr/lib/x86_64-linux-gnu/libstdc++.so.6.0.21
7f87f27a3000-7f87f27a5000 rw-p 0017c000 08:05 276839                     /usr/lib/x86_64-linux-gnu/libstdc++.so.6.0.21
7f87f27a5000-7f87f27a9000 rw-p 00000000 00:00 0 
7f87f27a9000-7f87f3607000 r-xp 00000000 08:05 536176                     /usr/lib/jvm/java-9-openjdk-amd64/lib/amd64/server/libjvm.so
7f87f3607000-7f87f3807000 ---p 00e5e000 08:05 536176                     /usr/lib/jvm/java-9-openjdk-amd64/lib/amd64/server/libjvm.so
7f87f3807000-7f87f38b9000 r--p 00e5e000 08:05 536176                     /usr/lib/jvm/java-9-openjdk-amd64/lib/amd64/server/libjvm.so
7f87f38b9000-7f87f38eb000 rw-p 00f10000 08:05 536176                     /usr/lib/jvm/java-9-openjdk-amd64/lib/amd64/server/libjvm.so
7f87f38eb000-7f87f3930000 rw-p 00000000 00:00 0 
7f87f3930000-7f87f3948000 r-xp 00000000 08:05 660863                     /lib/x86_64-linux-gnu/libpthread-2.23.so
7f87f3948000-7f87f3b47000 ---p 00018000 08:05 660863                     /lib/x86_64-linux-gnu/libpthread-2.23.so
7f87f3b47000-7f87f3b48000 r--p 00017000 08:05 660863                     /lib/x86_64-linux-gnu/libpthread-2.23.so
7f87f3b48000-7f87f3b49000 rw-p 00018000 08:05 660863                     /lib/x86_64-linux-gnu/libpthread-2.23.so
7f87f3b49000-7f87f3b4d000 rw-p 00000000 00:00 0 
7f87f3b4d000-7f87f3b50000 r-xp 00000000 08:05 660741                     /lib/x86_64-linux-gnu/libdl-2.23.so
7f87f3b50000-7f87f3d4f000 ---p 00003000 08:05 660741                     /lib/x86_64-linux-gnu/libdl-2.23.so
7f87f3d4f000-7f87f3d50000 r--p 00002000 08:05 660741                     /lib/x86_64-linux-gnu/libdl-2.23.so
7f87f3d50000-7f87f3d51000 rw-p 00003000 08:05 660741                     /lib/x86_64-linux-gnu/libdl-2.23.so
7f87f3d51000-7f87f3d6a000 r-xp 00000000 08:05 660908                     /lib/x86_64-linux-gnu/libz.so.1.2.8
7f87f3d6a000-7f87f3f69000 ---p 00019000 08:05 660908                     /lib/x86_64-linux-gnu/libz.so.1.2.8
7f87f3f69000-7f87f3f6a000 r--p 00018000 08:05 660908                     /lib/x86_64-linux-gnu/libz.so.1.2.8
7f87f3f6a000-7f87f3f6b000 rw-p 00019000 08:05 660908                     /lib/x86_64-linux-gnu/libz.so.1.2.8
7f87f3f6b000-7f87f412a000 r-xp 00000000 08:05 660717                     /lib/x86_64-linux-gnu/libc-2.23.so
7f87f412a000-7f87f432a000 ---p 001bf000 08:05 660717                     /lib/x86_64-linux-gnu/libc-2.23.so
7f87f432a000-7f87f432e000 r--p 001bf000 08:05 660717                     /lib/x86_64-linux-gnu/libc-2.23.so
7f87f432e000-7f87f4330000 rw-p 001c3000 08:05 660717                     /lib/x86_64-linux-gnu/libc-2.23.so
7f87f4330000-7f87f4334000 rw-p 00000000 00:00 0 
7f87f4334000-7f87f4342000 r-xp 00000000 08:05 536193                     /usr/lib/jvm/java-9-openjdk-amd64/lib/amd64/jli/libjli.so
7f87f4342000-7f87f4541000 ---p 0000e000 08:05 536193                     /usr/lib/jvm/java-9-openjdk-amd64/lib/amd64/jli/libjli.so
7f87f4541000-7f87f4542000 r--p 0000d000 08:05 536193                     /usr/lib/jvm/java-9-openjdk-amd64/lib/amd64/jli/libjli.so
7f87f4542000-7f87f4543000 rw-p 0000e000 08:05 536193                     /usr/lib/jvm/java-9-openjdk-amd64/lib/amd64/jli/libjli.so
7f87f4543000-7f87f4569000 r-xp 00000000 08:05 660687                     /lib/x86_64-linux-gnu/ld-2.23.so
7f87f4569000-7f87f456a000 r--s 00000000 08:06 393299                     /var/cache/fontconfig/551ecf3b0e8b0bca0f25c0944f561853-le64.cache-6
7f87f456a000-7f87f456d000 r--s 00000000 08:06 393340                     /var/cache/fontconfig/f259c2cffa685e28062317905db73c4a-le64.cache-6
7f87f456d000-7f87f456f000 r--s 00000000 08:06 393298                     /var/cache/fontconfig/550f3886151c940c12a5ed35f6a00586-le64.cache-6
7f87f456f000-7f87f4572000 r--s 00000000 08:06 393307                     /var/cache/fontconfig/674d1711f2d1d2a09646eb0bdcadee49-le64.cache-6
7f87f4572000-7f87f457d000 r--s 00000000 08:06 393334                     /var/cache/fontconfig/d589a48862398ed80a3d6066f4f56f4c-le64.cache-6
7f87f457d000-7f87f457e000 r--s 00000000 08:06 393287                     /var/cache/fontconfig/30829fa25452a46451e813d634d7f916-le64.cache-6
7f87f457e000-7f87f457f000 r--s 00000000 08:06 393277                     /var/cache/fontconfig/0c9eb80ebd1c36541ebe2852d3bb0c49-le64.cache-6
7f87f457f000-7f87f4580000 r--s 00000000 08:06 393284                     /var/cache/fontconfig/22368d551a680bfe5a62c02760edf4ea-le64.cache-6
7f87f4580000-7f87f4581000 r--s 00000000 08:06 393296                     /var/cache/fontconfig/4d9c95eba1cb85bbcf2878543262124a-le64.cache-6
7f87f4581000-7f87f4593000 r--s 00000000 08:06 393318                     /var/cache/fontconfig/9b89f8e3dae116d678bbf48e5f21f69b-le64.cache-6
7f87f4593000-7f87f4636000 rw-p 00000000 00:00 0 
7f87f4636000-7f87f463a000 ---p 00000000 00:00 0 
7f87f463a000-7f87f473c000 rw-p 00000000 00:00 0 
7f87f473c000-7f87f473d000 r--s 00000000 08:06 393313                     /var/cache/fontconfig/85e0a52ce643a7ba2ae53e5d6949cead-le64.cache-6
7f87f473d000-7f87f473e000 r--s 00000000 08:06 393293                     /var/cache/fontconfig/49f0de54bdd920fe4f0dfd4cbac43e6b-le64.cache-6
7f87f473e000-7f87f473f000 r--s 00000000 08:06 393342                     /var/cache/fontconfig/f6e6e0a5c3d2f6ae0c0c2e0ecd42a997-le64.cache-6
7f87f473f000-7f87f4740000 r--s 00000000 08:06 393294                     /var/cache/fontconfig/4b2eda6bb976bda485cb2176619421d5-le64.cache-6
7f87f4740000-7f87f4749000 r--s 00000000 08:06 393330                     /var/cache/fontconfig/d0972c3d32f097851eb916381fc38920-le64.cache-6
7f87f4749000-7f87f474c000 r--s 00000000 08:06 393539                     /var/cache/fontconfig/e13b20fdb08344e0e664864cc2ede53d-le64.cache-6
7f87f474c000-7f87f4750000 r--s 00000000 08:06 393564                     /var/cache/fontconfig/7ef2298fde41cc6eeb7af42e48b7d293-le64.cache-6
7f87f4750000-7f87f4755000 rw-p 00000000 00:00 0 
7f87f4755000-7f87f475c000 ---p 00000000 00:00 0 
7f87f475c000-7f87f4764000 rw-s 00000000 08:05 1193749                    /tmp/hsperfdata_eden/3334
7f87f4764000-7f87f4765000 rw-p 00000000 00:00 0 
7f87f4765000-7f87f4766000 r--p 00000000 00:00 0 
7f87f4766000-7f87f4768000 rw-p 00000000 00:00 0 
7f87f4768000-7f87f4769000 r--p 00025000 08:05 660687                     /lib/x86_64-linux-gnu/ld-2.23.so
7f87f4769000-7f87f476a000 rw-p 00026000 08:05 660687                     /lib/x86_64-linux-gnu/ld-2.23.so
7f87f476a000-7f87f476b000 rw-p 00000000 00:00 0 
7ffc98d56000-7ffc98d78000 rw-p 00000000 00:00 0                          [stack]
7ffc98dbd000-7ffc98dbf000 r--p 00000000 00:00 0                          [vvar]
7ffc98dbf000-7ffc98dc1000 r-xp 00000000 00:00 0                          [vdso]
ffffffffff600000-ffffffffff601000 r-xp 00000000 00:00 0                  [vsyscall]

VM Arguments:
jvm_args: -Didea.launcher.port=7533 -Didea.launcher.bin.path=/home/eden/idea-IC-163.12024.16/bin -Dfile.encoding=UTF-8 
java_command: com.intellij.rt.execution.application.AppMain Main
java_class_path (initial): /media/eden/1ECC4C84CC4C5863/Users/Eden/Desktop/CBSO_GUI_2/out/production/CBSO_GUI_2:/media/eden/1ECC4C84CC4C5863/Users/Eden/Desktop/CBSO_GUI_2/dist/lib/swtgraphics2d.jar:/media/eden/1ECC4C84CC4C5863/Users/Eden/Desktop/CBSO_GUI_2/dist/lib/hamcrest-core-1.3.jar:/media/eden/1ECC4C84CC4C5863/Users/Eden/Desktop/CBSO_GUI_2/dist/lib/orsoncharts-1.4-eval-nofx.jar:/media/eden/1ECC4C84CC4C5863/Users/Eden/Desktop/CBSO_GUI_2/dist/lib/jfreechart-1.0.19-swt.jar:/media/eden/1ECC4C84CC4C5863/Users/Eden/Desktop/CBSO_GUI_2/dist/lib/jcommon-1.0.23.jar:/media/eden/1ECC4C84CC4C5863/Users/Eden/Desktop/CBSO_GUI_2/dist/lib/orsonpdf-1.6-eval.jar:/media/eden/1ECC4C84CC4C5863/Users/Eden/Desktop/CBSO_GUI_2/dist/lib/jfreechart-1.0.19-experimental.jar:/media/eden/1ECC4C84CC4C5863/Users/Eden/Desktop/CBSO_GUI_2/dist/lib/jfreechart-1.0.19.jar:/media/eden/1ECC4C84CC4C5863/Users/Eden/Desktop/CBSO_GUI_2/dist/lib/junit-4.11.jar:/media/eden/1ECC4C84CC4C5863/Users/Eden/Desktop/CBSO_GUI_2/dist/lib/servlet.jar:/media/eden/1ECC4C84CC4C5863/Users/Eden/Desktop/CBSO_GUI_2/dist/lib/jfreesvg-2.0.jar:/home/eden/idea-IC-163.12024.16/lib/idea_rt.jar
Launcher Type: SUN_STANDARD

Environment Variables:
PATH=/home/eden/bin:/home/eden/.local/bin:/usr/local/sbin:/usr/local/bin:/usr/sbin:/usr/bin:/sbin:/bin:/usr/games:/usr/local/games
LD_LIBRARY_PATH=.:
SHELL=/bin/bash
DISPLAY=:0

Signal Handlers:
SIGSEGV: [libjvm.so+0xc12c20], sa_mask[0]=11111111011111111101111111111110, sa_flags=SA_RESTART|SA_SIGINFO
SIGBUS: [libjvm.so+0xc12c20], sa_mask[0]=11111111011111111101111111111110, sa_flags=SA_RESTART|SA_SIGINFO
SIGFPE: [libjvm.so+0xc12c20], sa_mask[0]=11111111011111111101111111111110, sa_flags=SA_RESTART|SA_SIGINFO
SIGPIPE: [libjvm.so+0xa3b600], sa_mask[0]=11111111011111111101111111111110, sa_flags=SA_RESTART|SA_SIGINFO
SIGXFSZ: [libjvm.so+0xa3b600], sa_mask[0]=11111111011111111101111111111110, sa_flags=SA_RESTART|SA_SIGINFO
SIGILL: [libjvm.so+0xc12c20], sa_mask[0]=11111111011111111101111111111110, sa_flags=SA_RESTART|SA_SIGINFO
SIGUSR2: [libjvm.so+0xa3b4a0], sa_mask[0]=00100000000000000000000000000000, sa_flags=SA_RESTART|SA_SIGINFO
SIGHUP: [libjvm.so+0xa3b870], sa_mask[0]=11111111011111111101111111111110, sa_flags=SA_RESTART|SA_SIGINFO
SIGINT: [libjvm.so+0xa3b870], sa_mask[0]=11111111011111111101111111111110, sa_flags=SA_RESTART|SA_SIGINFO
SIGTERM: [libjvm.so+0xa3b870], sa_mask[0]=11111111011111111101111111111110, sa_flags=SA_RESTART|SA_SIGINFO
SIGQUIT: [libjvm.so+0xa3b870], sa_mask[0]=11111111011111111101111111111110, sa_flags=SA_RESTART|SA_SIGINFO


---------------  S Y S T E M  ---------------

OS:DISTRIB_ID=LinuxMint
DISTRIB_RELEASE=18.1
DISTRIB_CODENAME=serena
DISTRIB_DESCRIPTION="Linux Mint 18.1 Serena"
uname:Linux 4.4.0-53-generic #74-Ubuntu SMP Fri Dec 2 15:59:10 UTC 2016 x86_64
libc:glibc 2.23 NPTL 2.23 
rlimit: STACK 8192k, CORE 0k, NPROC 31267, NOFILE 65536, AS infinity
load average:1.77 1.35 0.74

/proc/meminfo:
MemTotal:        8047384 kB
MemFree:         5051192 kB
MemAvailable:    6145064 kB
Buffers:          100968 kB
Cached:          1282248 kB
SwapCached:            0 kB
Active:          2022216 kB
Inactive:         762628 kB
Active(anon):    1403972 kB
Inactive(anon):    98408 kB
Active(file):     618244 kB
Inactive(file):   664220 kB
Unevictable:          32 kB
Mlocked:              32 kB
SwapTotal:       4194300 kB
SwapFree:        4194300 kB
Dirty:              2584 kB
Writeback:             0 kB
AnonPages:       1401744 kB
Mapped:           390344 kB
Shmem:            100764 kB
Slab:             107992 kB
SReclaimable:      69820 kB
SUnreclaim:        38172 kB
KernelStack:        9296 kB
PageTables:        30040 kB
NFS_Unstable:          0 kB
Bounce:                0 kB
WritebackTmp:          0 kB
CommitLimit:     8217992 kB
Committed_AS:    3265044 kB
VmallocTotal:   34359738367 kB
VmallocUsed:           0 kB
VmallocChunk:          0 kB
HardwareCorrupted:     0 kB
AnonHugePages:    417792 kB
CmaTotal:              0 kB
CmaFree:               0 kB
HugePages_Total:       0
HugePages_Free:        0
HugePages_Rsvd:        0
HugePages_Surp:        0
Hugepagesize:       2048 kB
DirectMap4k:      141052 kB
DirectMap2M:     8120320 kB


CPU:total 8 (4 cores per cpu, 2 threads per core) family 6 model 58 stepping 9, cmov, cx8, fxsr, mmx, sse, sse2, sse3, ssse3, sse4.1, sse4.2, popcnt, avx, aes, clmul, erms, ht, tsc, tscinvbit, tscinv

CPU Model and flags from /proc/cpuinfo:
model name	: Intel(R) Core(TM) i7-3612QM CPU @ 2.10GHz
flags		: fpu vme de pse tsc msr pae mce cx8 apic sep mtrr pge mca cmov pat pse36 clflush dts acpi mmx fxsr sse sse2 ss ht tm pbe syscall nx rdtscp lm constant_tsc arch_perfmon pebs bts rep_good nopl xtopology nonstop_tsc aperfmperf eagerfpu pni pclmulqdq dtes64 monitor ds_cpl vmx est tm2 ssse3 cx16 xtpr pdcm pcid sse4_1 sse4_2 x2apic popcnt tsc_deadline_timer aes xsave avx f16c rdrand lahf_lm epb tpr_shadow vnmi flexpriority ept vpid fsgsbase smep erms xsaveopt dtherm ida arat pln pts

Memory: 4k page, physical 8047384k(5051192k free), swap 4194300k(4194300k free)

vm_info: OpenJDK 64-Bit Server VM (9-internal+0-2016-04-14-195246.buildd.src) for linux-amd64 JRE (9-internal+0-2016-04-14-195246.buildd.src), built on Apr 14 2016 20:05:37 by "buildd" with gcc 5.3.1 20160413

END.
